<?xml version="1.0" encoding="UTF-8"?>
<testsuite xmlns:xsi="http://www.w3.org/2001/XMLSchema-instance" xsi:noNamespaceSchemaLocation="https://maven.apache.org/surefire/maven-failsafe-plugin/xsd/failsafe-test-report-3.0.xsd" version="3.0" name="Run a simple performance test using a give JMX file" time="4.159" tests="1" errors="0" skipped="0" failures="0">
  <properties>
    <property name="gopherProxySet" value="false"/>
    <property name="awt.toolkit" value="sun.lwawt.macosx.LWCToolkit"/>
    <property name="java.specification.version" value="11"/>
    <property name="sun.cpu.isalist" value=""/>
    <property name="sun.jnu.encoding" value="UTF-8"/>
    <property name="java.class.path" value="/Users/ryan/Projects/jmetertest11/target/test-classes:/Users/ryan/.m2/repository/net/serenity-bdd/serenity-core/2.4.24/serenity-core-2.4.24.jar:/Users/ryan/.m2/repository/net/serenity-bdd/serenity-model/2.4.24/serenity-model-2.4.24.jar:/Users/ryan/.m2/repository/com/google/guava/guava/30.1-jre/guava-30.1-jre.jar:/Users/ryan/.m2/repository/com/google/guava/failureaccess/1.0.1/failureaccess-1.0.1.jar:/Users/ryan/.m2/repository/com/google/guava/listenablefuture/9999.0-empty-to-avoid-conflict-with-guava/listenablefuture-9999.0-empty-to-avoid-conflict-with-guava.jar:/Users/ryan/.m2/repository/com/google/code/findbugs/jsr305/3.0.2/jsr305-3.0.2.jar:/Users/ryan/.m2/repository/com/google/j2objc/j2objc-annotations/1.3/j2objc-annotations-1.3.jar:/Users/ryan/.m2/repository/com/google/inject/guice/5.0.1/guice-5.0.1.jar:/Users/ryan/.m2/repository/javax/inject/javax.inject/1/javax.inject-1.jar:/Users/ryan/.m2/repository/aopalliance/aopalliance/1.0/aopalliance-1.0.jar:/Users/ryan/.m2/repository/io/cucumber/cucumber-core/6.10.2/cucumber-core-6.10.2.jar:/Users/ryan/.m2/repository/io/cucumber/cucumber-gherkin/6.10.2/cucumber-gherkin-6.10.2.jar:/Users/ryan/.m2/repository/io/cucumber/cucumber-gherkin-messages/6.10.2/cucumber-gherkin-messages-6.10.2.jar:/Users/ryan/.m2/repository/io/cucumber/messages/14.0.1/messages-14.0.1.jar:/Users/ryan/.m2/repository/io/cucumber/tag-expressions/3.0.0/tag-expressions-3.0.0.jar:/Users/ryan/.m2/repository/io/cucumber/cucumber-expressions/10.3.0/cucumber-expressions-10.3.0.jar:/Users/ryan/.m2/repository/io/cucumber/cucumber-plugin/6.10.2/cucumber-plugin-6.10.2.jar:/Users/ryan/.m2/repository/io/cucumber/docstring/6.10.2/docstring-6.10.2.jar:/Users/ryan/.m2/repository/io/cucumber/html-formatter/12.0.0/html-formatter-12.0.0.jar:/Users/ryan/.m2/repository/io/cucumber/create-meta/3.0.0/create-meta-3.0.0.jar:/Users/ryan/.m2/repository/com/typesafe/config/1.3.1/config-1.3.1.jar:/Users/ryan/.m2/repository/org/imgscalr/imgscalr-lib/4.2/imgscalr-lib-4.2.jar:/Users/ryan/.m2/repository/org/awaitility/awaitility/4.0.3/awaitility-4.0.3.jar:/Users/ryan/.m2/repository/net/sourceforge/jexcelapi/jxl/2.6.12/jxl-2.6.12.jar:/Users/ryan/.m2/repository/org/asciidoctor/asciidoctorj/1.5.6/asciidoctorj-1.5.6.jar:/Users/ryan/.m2/repository/org/jruby/jruby-complete/1.7.26/jruby-complete-1.7.26.jar:/Users/ryan/.m2/repository/net/bytebuddy/byte-buddy/1.10.10/byte-buddy-1.10.10.jar:/Users/ryan/.m2/repository/net/bytebuddy/byte-buddy-agent/1.10.10/byte-buddy-agent-1.10.10.jar:/Users/ryan/.m2/repository/org/objenesis/objenesis/3.1/objenesis-3.1.jar:/Users/ryan/.m2/repository/net/serenity-bdd/serenity-reports/2.4.24/serenity-reports-2.4.24.jar:/Users/ryan/.m2/repository/net/serenity-bdd/serenity-stats/2.4.24/serenity-stats-2.4.24.jar:/Users/ryan/.m2/repository/net/serenity-bdd/serenity-reports-configuration/2.4.24/serenity-reports-configuration-2.4.24.jar:/Users/ryan/.m2/repository/com/vladsch/flexmark/flexmark-all/0.34.30/flexmark-all-0.34.30.jar:/Users/ryan/.m2/repository/com/vladsch/flexmark/flexmark/0.34.30/flexmark-0.34.30.jar:/Users/ryan/.m2/repository/com/vladsch/flexmark/flexmark-ext-abbreviation/0.34.30/flexmark-ext-abbreviation-0.34.30.jar:/Users/ryan/.m2/repository/com/vladsch/flexmark/flexmark-ext-admonition/0.34.30/flexmark-ext-admonition-0.34.30.jar:/Users/ryan/.m2/repository/com/vladsch/flexmark/flexmark-ext-anchorlink/0.34.30/flexmark-ext-anchorlink-0.34.30.jar:/Users/ryan/.m2/repository/com/vladsch/flexmark/flexmark-ext-aside/0.34.30/flexmark-ext-aside-0.34.30.jar:/Users/ryan/.m2/repository/com/vladsch/flexmark/flexmark-ext-attributes/0.34.30/flexmark-ext-attributes-0.34.30.jar:/Users/ryan/.m2/repository/com/vladsch/flexmark/flexmark-ext-autolink/0.34.30/flexmark-ext-autolink-0.34.30.jar:/Users/ryan/.m2/repository/org/nibor/autolink/autolink/0.6.0/autolink-0.6.0.jar:/Users/ryan/.m2/repository/com/vladsch/flexmark/flexmark-ext-definition/0.34.30/flexmark-ext-definition-0.34.30.jar:/Users/ryan/.m2/repository/com/vladsch/flexmark/flexmark-ext-emoji/0.34.30/flexmark-ext-emoji-0.34.30.jar:/Users/ryan/.m2/repository/com/vladsch/flexmark/flexmark-ext-enumerated-reference/0.34.30/flexmark-ext-enumerated-reference-0.34.30.jar:/Users/ryan/.m2/repository/com/vladsch/flexmark/flexmark-ext-escaped-character/0.34.30/flexmark-ext-escaped-character-0.34.30.jar:/Users/ryan/.m2/repository/com/vladsch/flexmark/flexmark-ext-footnotes/0.34.30/flexmark-ext-footnotes-0.34.30.jar:/Users/ryan/.m2/repository/com/vladsch/flexmark/flexmark-ext-gfm-issues/0.34.30/flexmark-ext-gfm-issues-0.34.30.jar:/Users/ryan/.m2/repository/com/vladsch/flexmark/flexmark-ext-gfm-strikethrough/0.34.30/flexmark-ext-gfm-strikethrough-0.34.30.jar:/Users/ryan/.m2/repository/com/vladsch/flexmark/flexmark-ext-gfm-tables/0.34.30/flexmark-ext-gfm-tables-0.34.30.jar:/Users/ryan/.m2/repository/com/vladsch/flexmark/flexmark-ext-gfm-tasklist/0.34.30/flexmark-ext-gfm-tasklist-0.34.30.jar:/Users/ryan/.m2/repository/com/vladsch/flexmark/flexmark-ext-gfm-users/0.34.30/flexmark-ext-gfm-users-0.34.30.jar:/Users/ryan/.m2/repository/com/vladsch/flexmark/flexmark-ext-gitlab/0.34.30/flexmark-ext-gitlab-0.34.30.jar:/Users/ryan/.m2/repository/com/vladsch/flexmark/flexmark-ext-jekyll-front-matter/0.34.30/flexmark-ext-jekyll-front-matter-0.34.30.jar:/Users/ryan/.m2/repository/com/vladsch/flexmark/flexmark-ext-jekyll-tag/0.34.30/flexmark-ext-jekyll-tag-0.34.30.jar:/Users/ryan/.m2/repository/com/vladsch/flexmark/flexmark-ext-media-tags/0.34.30/flexmark-ext-media-tags-0.34.30.jar:/Users/ryan/.m2/repository/com/vladsch/flexmark/flexmark-test-util/0.34.30/flexmark-test-util-0.34.30.jar:/Users/ryan/.m2/repository/com/vladsch/flexmark/flexmark-ext-ins/0.34.30/flexmark-ext-ins-0.34.30.jar:/Users/ryan/.m2/repository/com/vladsch/flexmark/flexmark-ext-xwiki-macros/0.34.30/flexmark-ext-xwiki-macros-0.34.30.jar:/Users/ryan/.m2/repository/com/vladsch/flexmark/flexmark-ext-superscript/0.34.30/flexmark-ext-superscript-0.34.30.jar:/Users/ryan/.m2/repository/com/vladsch/flexmark/flexmark-ext-tables/0.34.30/flexmark-ext-tables-0.34.30.jar:/Users/ryan/.m2/repository/com/vladsch/flexmark/flexmark-ext-toc/0.34.30/flexmark-ext-toc-0.34.30.jar:/Users/ryan/.m2/repository/com/vladsch/flexmark/flexmark-ext-typographic/0.34.30/flexmark-ext-typographic-0.34.30.jar:/Users/ryan/.m2/repository/com/vladsch/flexmark/flexmark-ext-wikilink/0.34.30/flexmark-ext-wikilink-0.34.30.jar:/Users/ryan/.m2/repository/com/vladsch/flexmark/flexmark-ext-yaml-front-matter/0.34.30/flexmark-ext-yaml-front-matter-0.34.30.jar:/Users/ryan/.m2/repository/com/vladsch/flexmark/flexmark-ext-youtube-embedded/0.34.30/flexmark-ext-youtube-embedded-0.34.30.jar:/Users/ryan/.m2/repository/com/vladsch/flexmark/flexmark-formatter/0.34.30/flexmark-formatter-0.34.30.jar:/Users/ryan/.m2/repository/com/vladsch/flexmark/flexmark-html-parser/0.34.30/flexmark-html-parser-0.34.30.jar:/Users/ryan/.m2/repository/com/vladsch/flexmark/flexmark-jira-converter/0.34.30/flexmark-jira-converter-0.34.30.jar:/Users/ryan/.m2/repository/com/vladsch/flexmark/flexmark-pdf-converter/0.34.30/flexmark-pdf-converter-0.34.30.jar:/Users/ryan/.m2/repository/com/openhtmltopdf/openhtmltopdf-core/0.0.1-RC13/openhtmltopdf-core-0.0.1-RC13.jar:/Users/ryan/.m2/repository/com/openhtmltopdf/openhtmltopdf-pdfbox/0.0.1-RC13/openhtmltopdf-pdfbox-0.0.1-RC13.jar:/Users/ryan/.m2/repository/org/apache/pdfbox/pdfbox/2.0.8/pdfbox-2.0.8.jar:/Users/ryan/.m2/repository/org/apache/pdfbox/fontbox/2.0.8/fontbox-2.0.8.jar:/Users/ryan/.m2/repository/org/apache/pdfbox/xmpbox/2.0.8/xmpbox-2.0.8.jar:/Users/ryan/.m2/repository/de/rototor/pdfbox/graphics2d/0.12/graphics2d-0.12.jar:/Users/ryan/.m2/repository/com/openhtmltopdf/openhtmltopdf-rtl-support/0.0.1-RC13/openhtmltopdf-rtl-support-0.0.1-RC13.jar:/Users/ryan/.m2/repository/com/ibm/icu/icu4j/59.1/icu4j-59.1.jar:/Users/ryan/.m2/repository/com/openhtmltopdf/openhtmltopdf-jsoup-dom-converter/0.0.1-RC13/openhtmltopdf-jsoup-dom-converter-0.0.1-RC13.jar:/Users/ryan/.m2/repository/com/vladsch/flexmark/flexmark-profile-pegdown/0.34.30/flexmark-profile-pegdown-0.34.30.jar:/Users/ryan/.m2/repository/com/vladsch/flexmark/flexmark-util/0.34.30/flexmark-util-0.34.30.jar:/Users/ryan/.m2/repository/com/vladsch/flexmark/flexmark-youtrack-converter/0.34.30/flexmark-youtrack-converter-0.34.30.jar:/Users/ryan/.m2/repository/es/nitaur/markdown/txtmark/0.16/txtmark-0.16.jar:/Users/ryan/.m2/repository/net/serenity-bdd/serenity-report-resources/2.4.24/serenity-report-resources-2.4.24.jar:/Users/ryan/.m2/repository/com/google/code/gson/gson/2.8.6/gson-2.8.6.jar:/Users/ryan/.m2/repository/commons-codec/commons-codec/1.15/commons-codec-1.15.jar:/Users/ryan/.m2/repository/commons-io/commons-io/2.8.0/commons-io-2.8.0.jar:/Users/ryan/.m2/repository/org/seleniumhq/selenium/selenium-server/3.141.59/selenium-server-3.141.59.jar:/Users/ryan/.m2/repository/org/seleniumhq/selenium/selenium-opera-driver/3.141.59/selenium-opera-driver-3.141.59.jar:/Users/ryan/.m2/repository/org/seleniumhq/selenium/selenium-remote-driver/3.141.59/selenium-remote-driver-3.141.59.jar:/Users/ryan/.m2/repository/org/seleniumhq/selenium/selenium-safari-driver/3.141.59/selenium-safari-driver-3.141.59.jar:/Users/ryan/.m2/repository/com/beust/jcommander/1.72/jcommander-1.72.jar:/Users/ryan/.m2/repository/org/apache/commons/commons-exec/1.3/commons-exec-1.3.jar:/Users/ryan/.m2/repository/net/jcip/jcip-annotations/1.0/jcip-annotations-1.0.jar:/Users/ryan/.m2/repository/org/seleniumhq/selenium/jetty-repacked/9.4.12.v20180830/jetty-repacked-9.4.12.v20180830.jar:/Users/ryan/.m2/repository/com/squareup/okhttp3/okhttp/3.11.0/okhttp-3.11.0.jar:/Users/ryan/.m2/repository/com/squareup/okio/okio/1.14.0/okio-1.14.0.jar:/Users/ryan/.m2/repository/javax/servlet/javax.servlet-api/3.1.0/javax.servlet-api-3.1.0.jar:/Users/ryan/.m2/repository/org/yaml/snakeyaml/1.19/snakeyaml-1.19.jar:/Users/ryan/.m2/repository/org/seleniumhq/selenium/selenium-java/3.141.59/selenium-java-3.141.59.jar:/Users/ryan/.m2/repository/org/seleniumhq/selenium/selenium-api/3.141.59/selenium-api-3.141.59.jar:/Users/ryan/.m2/repository/org/seleniumhq/selenium/selenium-support/3.141.59/selenium-support-3.141.59.jar:/Users/ryan/.m2/repository/org/seleniumhq/selenium/selenium-chrome-driver/3.141.59/selenium-chrome-driver-3.141.59.jar:/Users/ryan/.m2/repository/org/seleniumhq/selenium/selenium-firefox-driver/3.141.59/selenium-firefox-driver-3.141.59.jar:/Users/ryan/.m2/repository/org/seleniumhq/selenium/selenium-edge-driver/3.141.59/selenium-edge-driver-3.141.59.jar:/Users/ryan/.m2/repository/org/seleniumhq/selenium/selenium-ie-driver/3.141.59/selenium-ie-driver-3.141.59.jar:/Users/ryan/.m2/repository/net/sourceforge/htmlunit/htmlunit/2.47.1/htmlunit-2.47.1.jar:/Users/ryan/.m2/repository/net/sourceforge/htmlunit/htmlunit-core-js/2.47.0/htmlunit-core-js-2.47.0.jar:/Users/ryan/.m2/repository/net/sourceforge/htmlunit/neko-htmlunit/2.47.1/neko-htmlunit-2.47.1.jar:/Users/ryan/.m2/repository/net/sourceforge/htmlunit/htmlunit-cssparser/1.7.0/htmlunit-cssparser-1.7.0.jar:/Users/ryan/.m2/repository/com/shapesecurity/salvation2/3.0.0/salvation2-3.0.0.jar:/Users/ryan/.m2/repository/org/eclipse/jetty/websocket/websocket-client/9.4.36.v20210114/websocket-client-9.4.36.v20210114.jar:/Users/ryan/.m2/repository/org/eclipse/jetty/jetty-client/9.4.36.v20210114/jetty-client-9.4.36.v20210114.jar:/Users/ryan/.m2/repository/org/eclipse/jetty/jetty-http/9.4.36.v20210114/jetty-http-9.4.36.v20210114.jar:/Users/ryan/.m2/repository/org/eclipse/jetty/jetty-util/9.4.36.v20210114/jetty-util-9.4.36.v20210114.jar:/Users/ryan/.m2/repository/org/eclipse/jetty/jetty-io/9.4.36.v20210114/jetty-io-9.4.36.v20210114.jar:/Users/ryan/.m2/repository/org/eclipse/jetty/websocket/websocket-common/9.4.36.v20210114/websocket-common-9.4.36.v20210114.jar:/Users/ryan/.m2/repository/org/eclipse/jetty/websocket/websocket-api/9.4.36.v20210114/websocket-api-9.4.36.v20210114.jar:/Users/ryan/.m2/repository/org/seleniumhq/selenium/htmlunit-driver/2.47.1/htmlunit-driver-2.47.1.jar:/Users/ryan/.m2/repository/com/codeborne/phantomjsdriver/1.4.4/phantomjsdriver-1.4.4.jar:/Users/ryan/.m2/repository/io/appium/java-client/7.5.1/java-client-7.5.1.jar:/Users/ryan/.m2/repository/commons-validator/commons-validator/1.7/commons-validator-1.7.jar:/Users/ryan/.m2/repository/commons-digester/commons-digester/2.1/commons-digester-2.1.jar:/Users/ryan/.m2/repository/org/aspectj/aspectjweaver/1.9.6/aspectjweaver-1.9.6.jar:/Users/ryan/.m2/repository/org/codehaus/groovy/groovy/3.0.8/groovy-3.0.8.jar:/Users/ryan/.m2/repository/net/sf/opencsv/opencsv/2.0/opencsv-2.0.jar:/Users/ryan/.m2/repository/commons-beanutils/commons-beanutils/1.9.4/commons-beanutils-1.9.4.jar:/Users/ryan/.m2/repository/org/apache/commons/commons-lang3/3.11/commons-lang3-3.11.jar:/Users/ryan/.m2/repository/commons-collections/commons-collections/3.2.2/commons-collections-3.2.2.jar:/Users/ryan/.m2/repository/org/fluentlenium/fluentlenium-core/0.10.2/fluentlenium-core-0.10.2.jar:/Users/ryan/.m2/repository/io/github/bonigarcia/webdrivermanager/4.4.1/webdrivermanager-4.4.1.jar:/Users/ryan/.m2/repository/org/apache/httpcomponents/client5/httpclient5/5.0.3/httpclient5-5.0.3.jar:/Users/ryan/.m2/repository/org/apache/httpcomponents/core5/httpcore5/5.0.2/httpcore5-5.0.2.jar:/Users/ryan/.m2/repository/org/apache/httpcomponents/core5/httpcore5-h2/5.0.2/httpcore5-h2-5.0.2.jar:/Users/ryan/.m2/repository/org/rauschig/jarchivelib/1.1.0/jarchivelib-1.1.0.jar:/Users/ryan/.m2/repository/org/apache/commons/commons-compress/1.20/commons-compress-1.20.jar:/Users/ryan/.m2/repository/com/jhlabs/filters/2.0.235/filters-2.0.235.jar:/Users/ryan/.m2/repository/com/assertthat/selenium-shutterbug/1.4/selenium-shutterbug-1.4.jar:/Users/ryan/.m2/repository/org/projectlombok/lombok/1.18.8/lombok-1.18.8.jar:/Users/ryan/.m2/repository/com/github/zafarkhaja/java-semver/0.9.0/java-semver-0.9.0.jar:/Users/ryan/.m2/repository/ru/yandex/qatools/ashot/ashot/1.5.4/ashot-1.5.4.jar:/Users/ryan/.m2/repository/com/paulhammant/ngwebdriver/1.1.5/ngwebdriver-1.1.5.jar:/Users/ryan/.m2/repository/joda-time/joda-time/2.8.2/joda-time-2.8.2.jar:/Users/ryan/.m2/repository/org/hamcrest/hamcrest/2.2/hamcrest-2.2.jar:/Users/ryan/.m2/repository/com/google/jimfs/jimfs/1.1/jimfs-1.1.jar:/Users/ryan/.m2/repository/org/mockito/mockito-core/3.3.3/mockito-core-3.3.3.jar:/Users/ryan/.m2/repository/javax/xml/bind/jaxb-api/2.3.1/jaxb-api-2.3.1.jar:/Users/ryan/.m2/repository/javax/activation/javax.activation-api/1.2.0/javax.activation-api-1.2.0.jar:/Users/ryan/.m2/repository/com/sun/xml/bind/jaxb-core/2.3.0.1/jaxb-core-2.3.0.1.jar:/Users/ryan/.m2/repository/com/sun/xml/bind/jaxb-impl/2.3.3/jaxb-impl-2.3.3.jar:/Users/ryan/.m2/repository/jakarta/xml/bind/jakarta.xml.bind-api/2.3.3/jakarta.xml.bind-api-2.3.3.jar:/Users/ryan/.m2/repository/com/sun/activation/jakarta.activation/1.2.2/jakarta.activation-1.2.2.jar:/Users/ryan/.m2/repository/javax/activation/activation/1.1.1/activation-1.1.1.jar:/Users/ryan/.m2/repository/net/serenity-bdd/serenity-cucumber6/2.4.24/serenity-cucumber6-2.4.24.jar:/Users/ryan/.m2/repository/io/cucumber/cucumber-java/6.10.2/cucumber-java-6.10.2.jar:/Users/ryan/.m2/repository/io/cucumber/cucumber-junit/6.10.2/cucumber-junit-6.10.2.jar:/Users/ryan/.m2/repository/io/cucumber/datatable-matchers/3.4.0/datatable-matchers-3.4.0.jar:/Users/ryan/.m2/repository/io/cucumber/datatable/3.4.0/datatable-3.4.0.jar:/Users/ryan/.m2/repository/commons-logging/commons-logging/1.2/commons-logging-1.2.jar:/Users/ryan/.m2/repository/org/apache/commons/commons-csv/1.5/commons-csv-1.5.jar:/Users/ryan/.m2/repository/net/serenity-bdd/serenity-screenplay/2.4.24/serenity-screenplay-2.4.24.jar:/Users/ryan/.m2/repository/net/serenity-bdd/serenity-screenplay-webdriver/2.4.24/serenity-screenplay-webdriver-2.4.24.jar:/Users/ryan/.m2/repository/net/serenity-bdd/serenity-ensure/2.4.24/serenity-ensure-2.4.24.jar:/Users/ryan/.m2/repository/net/serenity-bdd/serenity-junit/2.4.24/serenity-junit-2.4.24.jar:/Users/ryan/.m2/repository/org/jetbrains/kotlin/kotlin-stdlib/1.4.31/kotlin-stdlib-1.4.31.jar:/Users/ryan/.m2/repository/org/jetbrains/kotlin/kotlin-stdlib-common/1.4.31/kotlin-stdlib-common-1.4.31.jar:/Users/ryan/.m2/repository/org/jetbrains/annotations/13.0/annotations-13.0.jar:/Users/ryan/.m2/repository/junit/junit/4.13.1/junit-4.13.1.jar:/Users/ryan/.m2/repository/org/hamcrest/hamcrest-core/1.3/hamcrest-core-1.3.jar:/Users/ryan/.m2/repository/ch/qos/logback/logback-classic/1.0.13/logback-classic-1.0.13.jar:/Users/ryan/.m2/repository/ch/qos/logback/logback-core/1.0.13/logback-core-1.0.13.jar:/Users/ryan/.m2/repository/org/slf4j/slf4j-api/1.7.5/slf4j-api-1.7.5.jar:/Users/ryan/.m2/repository/org/assertj/assertj-core/3.6.2/assertj-core-3.6.2.jar:/Users/ryan/.m2/repository/io/rest-assured/rest-assured/4.3.2/rest-assured-4.3.2.jar:/Users/ryan/.m2/repository/org/codehaus/groovy/groovy-xml/3.0.6/groovy-xml-3.0.6.jar:/Users/ryan/.m2/repository/org/apache/httpcomponents/httpclient/4.5.3/httpclient-4.5.3.jar:/Users/ryan/.m2/repository/org/apache/httpcomponents/httpmime/4.5.3/httpmime-4.5.3.jar:/Users/ryan/.m2/repository/org/ccil/cowan/tagsoup/tagsoup/1.2.1/tagsoup-1.2.1.jar:/Users/ryan/.m2/repository/io/rest-assured/json-path/4.3.2/json-path-4.3.2.jar:/Users/ryan/.m2/repository/io/rest-assured/rest-assured-common/4.3.2/rest-assured-common-4.3.2.jar:/Users/ryan/.m2/repository/io/rest-assured/xml-path/4.3.2/xml-path-4.3.2.jar:/Users/ryan/.m2/repository/net/serenity-bdd/serenity-rest-assured/2.4.34/serenity-rest-assured-2.4.34.jar:/Users/ryan/.m2/repository/org/codehaus/groovy/groovy-json/3.0.8/groovy-json-3.0.8.jar:/Users/ryan/.m2/repository/org/opentest4j/opentest4j/1.2.0/opentest4j-1.2.0.jar:/Users/ryan/.m2/repository/org/apache/jmeter/ApacheJMeter_java/5.4.1/ApacheJMeter_java-5.4.1.jar:/Users/ryan/.m2/repository/org/apache/jmeter/ApacheJMeter_core/5.4.1/ApacheJMeter_core-5.4.1.jar:/Users/ryan/.m2/repository/org/apache/jmeter/ApacheJMeter/5.4.1/ApacheJMeter-5.4.1.jar:/Users/ryan/.m2/repository/org/apache/jmeter/jorphan/5.4.1/jorphan-5.4.1.jar:/Users/ryan/.m2/repository/bsf/bsf/2.4.0/bsf-2.4.0.jar:/Users/ryan/.m2/repository/com/fifesoft/rsyntaxtextarea/3.1.1/rsyntaxtextarea-3.1.1.jar:/Users/ryan/.m2/repository/net/sf/jtidy/jtidy/r938/jtidy-r938.jar:/Users/ryan/.m2/repository/com/thoughtworks/xstream/xstream/1.4.15/xstream-1.4.15.jar:/Users/ryan/.m2/repository/xmlpull/xmlpull/1.1.3.1/xmlpull-1.1.3.1.jar:/Users/ryan/.m2/repository/xpp3/xpp3_min/1.1.4c/xpp3_min-1.1.4c.jar:/Users/ryan/.m2/repository/org/apache/logging/log4j/log4j-1.2-api/2.13.3/log4j-1.2-api-2.13.3.jar:/Users/ryan/.m2/repository/org/apache/logging/log4j/log4j-api/2.13.3/log4j-api-2.13.3.jar:/Users/ryan/.m2/repository/org/apache/logging/log4j/log4j-core/2.13.3/log4j-core-2.13.3.jar:/Users/ryan/.m2/repository/org/apache/logging/log4j/log4j-slf4j-impl/2.13.3/log4j-slf4j-impl-2.13.3.jar:/Users/ryan/.m2/repository/org/apiguardian/apiguardian-api/1.1.0/apiguardian-api-1.1.0.jar:/Users/ryan/.m2/repository/oro/oro/2.0.8/oro-2.0.8.jar:/Users/ryan/.m2/repository/xalan/xalan/2.7.2/xalan-2.7.2.jar:/Users/ryan/.m2/repository/xalan/serializer/2.7.2/serializer-2.7.2.jar:/Users/ryan/.m2/repository/net/sf/saxon/Saxon-HE/9.9.1-8/Saxon-HE-9.9.1-8.jar:/Users/ryan/.m2/repository/com/fasterxml/jackson/core/jackson-annotations/2.10.5/jackson-annotations-2.10.5.jar:/Users/ryan/.m2/repository/com/fasterxml/jackson/core/jackson-core/2.10.5/jackson-core-2.10.5.jar:/Users/ryan/.m2/repository/com/fasterxml/jackson/core/jackson-databind/2.10.5/jackson-databind-2.10.5.jar:/Users/ryan/.m2/repository/com/formdev/svgSalamander/1.1.2.3/svgSalamander-1.1.2.3.jar:/Users/ryan/.m2/repository/com/github/ben-manes/caffeine/caffeine/2.8.8/caffeine-2.8.8.jar:/Users/ryan/.m2/repository/org/checkerframework/checker-qual/3.8.0/checker-qual-3.8.0.jar:/Users/ryan/.m2/repository/com/google/errorprone/error_prone_annotations/2.4.0/error_prone_annotations-2.4.0.jar:/Users/ryan/.m2/repository/com/github/weisj/darklaf-core/2.5.4/darklaf-core-2.5.4.jar:/Users/ryan/.m2/repository/com/github/weisj/darklaf-utils/2.5.4/darklaf-utils-2.5.4.jar:/Users/ryan/.m2/repository/com/github/weisj/darklaf-native-utils/2.5.4/darklaf-native-utils-2.5.4.jar:/Users/ryan/.m2/repository/com/github/weisj/darklaf-platform-base/2.5.4/darklaf-platform-base-2.5.4.jar:/Users/ryan/.m2/repository/com/github/weisj/darklaf-windows/2.5.4/darklaf-windows-2.5.4.jar:/Users/ryan/.m2/repository/net/java/dev/jna/jna/5.5.0/jna-5.5.0.jar:/Users/ryan/.m2/repository/com/github/weisj/darklaf-macos/2.5.4/darklaf-macos-2.5.4.jar:/Users/ryan/.m2/repository/org/swinglabs/jxlayer/3.0.4/jxlayer-3.0.4.jar:/Users/ryan/.m2/repository/com/github/weisj/darklaf-theme/2.5.4/darklaf-theme-2.5.4.jar:/Users/ryan/.m2/repository/com/github/weisj/darklaf-property-loader/2.5.4/darklaf-property-loader-2.5.4.jar:/Users/ryan/.m2/repository/com/github/weisj/darklaf-extensions-rsyntaxarea/0.3.4/darklaf-extensions-rsyntaxarea-0.3.4.jar:/Users/ryan/.m2/repository/com/miglayout/miglayout-swing/5.2/miglayout-swing-5.2.jar:/Users/ryan/.m2/repository/com/miglayout/miglayout-core/5.2/miglayout-core-5.2.jar:/Users/ryan/.m2/repository/org/apache/commons/commons-collections4/4.4/commons-collections4-4.4.jar:/Users/ryan/.m2/repository/org/apache/commons/commons-math3/3.6.1/commons-math3-3.6.1.jar:/Users/ryan/.m2/repository/org/apache/commons/commons-text/1.9/commons-text-1.9.jar:/Users/ryan/.m2/repository/org/apache/tika/tika-core/1.24.1/tika-core-1.24.1.jar:/Users/ryan/.m2/repository/org/apache/xmlgraphics/xmlgraphics-commons/2.3/xmlgraphics-commons-2.3.jar:/Users/ryan/.m2/repository/org/freemarker/freemarker/2.3.30/freemarker-2.3.30.jar:/Users/ryan/.m2/repository/org/jodd/jodd-core/5.0.13/jodd-core-5.0.13.jar:/Users/ryan/.m2/repository/org/jodd/jodd-props/5.0.13/jodd-props-5.0.13.jar:/Users/ryan/.m2/repository/org/mozilla/rhino/1.7.13/rhino-1.7.13.jar:/Users/ryan/.m2/repository/org/slf4j/jcl-over-slf4j/1.7.30/jcl-over-slf4j-1.7.30.jar:/Users/ryan/.m2/repository/org/codehaus/groovy/groovy-dateutil/3.0.7/groovy-dateutil-3.0.7.jar:/Users/ryan/.m2/repository/org/codehaus/groovy/groovy-datetime/3.0.7/groovy-datetime-3.0.7.jar:/Users/ryan/.m2/repository/org/codehaus/groovy/groovy-jmx/3.0.7/groovy-jmx-3.0.7.jar:/Users/ryan/.m2/repository/org/codehaus/groovy/groovy-jsr223/3.0.7/groovy-jsr223-3.0.7.jar:/Users/ryan/.m2/repository/org/codehaus/groovy/groovy-sql/3.0.7/groovy-sql-3.0.7.jar:/Users/ryan/.m2/repository/org/codehaus/groovy/groovy-templates/3.0.7/groovy-templates-3.0.7.jar:/Users/ryan/.m2/repository/org/apache/tika/tika-parsers/1.24.1/tika-parsers-1.24.1.jar:/Users/ryan/.m2/repository/xerces/xercesImpl/2.12.0/xercesImpl-2.12.0.jar:/Users/ryan/.m2/repository/xml-apis/xml-apis/1.4.01/xml-apis-1.4.01.jar:/Users/ryan/.m2/repository/org/apache/jmeter/ApacheJMeter_http/5.4.1/ApacheJMeter_http-5.4.1.jar:/Users/ryan/.m2/repository/org/apache/jmeter/ApacheJMeter_components/5.4.1/ApacheJMeter_components-5.4.1.jar:/Users/ryan/.m2/repository/org/apache-extras/beanshell/bsh/2.0b6/bsh-2.0b6.jar:/Users/ryan/.m2/repository/javax/mail/mail/1.5.0-b01/mail-1.5.0-b01.jar:/Users/ryan/.m2/repository/io/burt/jmespath-core/0.5.0/jmespath-core-0.5.0.jar:/Users/ryan/.m2/repository/io/burt/jmespath-jackson/0.5.0/jmespath-jackson-0.5.0.jar:/Users/ryan/.m2/repository/jcharts/jcharts/0.7.5/jcharts-0.7.5.jar:/Users/ryan/.m2/repository/net/minidev/json-smart/2.3/json-smart-2.3.jar:/Users/ryan/.m2/repository/net/minidev/accessors-smart/1.2/accessors-smart-1.2.jar:/Users/ryan/.m2/repository/org/apache/commons/commons-pool2/2.9.0/commons-pool2-2.9.0.jar:/Users/ryan/.m2/repository/org/ow2/asm/asm/9.0/asm-9.0.jar:/Users/ryan/.m2/repository/org/jodd/jodd-log/5.0.13/jodd-log-5.0.13.jar:/Users/ryan/.m2/repository/com/jayway/jsonpath/json-path/2.4.0/json-path-2.4.0.jar:/Users/ryan/.m2/repository/org/apache/httpcomponents/httpasyncclient/4.1.4/httpasyncclient-4.1.4.jar:/Users/ryan/.m2/repository/org/apache/httpcomponents/httpcore-nio/4.4.13/httpcore-nio-4.4.13.jar:/Users/ryan/.m2/repository/com/sun/activation/javax.activation/1.2.0/javax.activation-1.2.0.jar:/Users/ryan/.m2/repository/org/jodd/jodd-lagarto/5.0.13/jodd-lagarto-5.0.13.jar:/Users/ryan/.m2/repository/org/jsoup/jsoup/1.13.1/jsoup-1.13.1.jar:/Users/ryan/.m2/repository/commons-net/commons-net/3.7.2/commons-net-3.7.2.jar:/Users/ryan/.m2/repository/com/helger/ph-commons/9.5.1/ph-commons-9.5.1.jar:/Users/ryan/.m2/repository/com/helger/ph-css/6.2.3/ph-css-6.2.3.jar:/Users/ryan/.m2/repository/dnsjava/dnsjava/2.1.9/dnsjava-2.1.9.jar:/Users/ryan/.m2/repository/org/apache/httpcomponents/httpcore/4.4.13/httpcore-4.4.13.jar:/Users/ryan/.m2/repository/org/brotli/dec/0.1.2/dec-0.1.2.jar:"/>
    <property name="java.vm.vendor" value="AdoptOpenJDK"/>
    <property name="sun.arch.data.model" value="64"/>
    <property name="java.vendor.url" value="https://adoptopenjdk.net/"/>
    <property name="user.timezone" value="Europe/London"/>
    <property name="java.vm.specification.version" value="11"/>
    <property name="os.name" value="Mac OS X"/>
    <property name="sun.java.launcher" value="SUN_STANDARD"/>
    <property name="user.country" value="GB"/>
    <property name="sun.boot.library.path" value="/Library/Java/JavaVirtualMachines/adoptopenjdk-11.jdk/Contents/Home/lib"/>
    <property name="sun.java.command" value="org.apache.maven.surefire.booter.ForkedBooter /Users/ryan/Projects/jmetertest11/target/surefire 2021-07-20T10-47-28_957-jvmRun1 surefire13321980602983814722tmp surefire_013643357072375226822tmp"/>
    <property name="http.nonProxyHosts" value="local|*.local|169.254/16|*.169.254/16"/>
    <property name="jdk.debug" value="release"/>
    <property name="surefire.test.class.path" value="/Users/ryan/Projects/jmetertest11/target/test-classes:/Users/ryan/.m2/repository/net/serenity-bdd/serenity-core/2.4.24/serenity-core-2.4.24.jar:/Users/ryan/.m2/repository/net/serenity-bdd/serenity-model/2.4.24/serenity-model-2.4.24.jar:/Users/ryan/.m2/repository/com/google/guava/guava/30.1-jre/guava-30.1-jre.jar:/Users/ryan/.m2/repository/com/google/guava/failureaccess/1.0.1/failureaccess-1.0.1.jar:/Users/ryan/.m2/repository/com/google/guava/listenablefuture/9999.0-empty-to-avoid-conflict-with-guava/listenablefuture-9999.0-empty-to-avoid-conflict-with-guava.jar:/Users/ryan/.m2/repository/com/google/code/findbugs/jsr305/3.0.2/jsr305-3.0.2.jar:/Users/ryan/.m2/repository/com/google/j2objc/j2objc-annotations/1.3/j2objc-annotations-1.3.jar:/Users/ryan/.m2/repository/com/google/inject/guice/5.0.1/guice-5.0.1.jar:/Users/ryan/.m2/repository/javax/inject/javax.inject/1/javax.inject-1.jar:/Users/ryan/.m2/repository/aopalliance/aopalliance/1.0/aopalliance-1.0.jar:/Users/ryan/.m2/repository/io/cucumber/cucumber-core/6.10.2/cucumber-core-6.10.2.jar:/Users/ryan/.m2/repository/io/cucumber/cucumber-gherkin/6.10.2/cucumber-gherkin-6.10.2.jar:/Users/ryan/.m2/repository/io/cucumber/cucumber-gherkin-messages/6.10.2/cucumber-gherkin-messages-6.10.2.jar:/Users/ryan/.m2/repository/io/cucumber/messages/14.0.1/messages-14.0.1.jar:/Users/ryan/.m2/repository/io/cucumber/tag-expressions/3.0.0/tag-expressions-3.0.0.jar:/Users/ryan/.m2/repository/io/cucumber/cucumber-expressions/10.3.0/cucumber-expressions-10.3.0.jar:/Users/ryan/.m2/repository/io/cucumber/cucumber-plugin/6.10.2/cucumber-plugin-6.10.2.jar:/Users/ryan/.m2/repository/io/cucumber/docstring/6.10.2/docstring-6.10.2.jar:/Users/ryan/.m2/repository/io/cucumber/html-formatter/12.0.0/html-formatter-12.0.0.jar:/Users/ryan/.m2/repository/io/cucumber/create-meta/3.0.0/create-meta-3.0.0.jar:/Users/ryan/.m2/repository/com/typesafe/config/1.3.1/config-1.3.1.jar:/Users/ryan/.m2/repository/org/imgscalr/imgscalr-lib/4.2/imgscalr-lib-4.2.jar:/Users/ryan/.m2/repository/org/awaitility/awaitility/4.0.3/awaitility-4.0.3.jar:/Users/ryan/.m2/repository/net/sourceforge/jexcelapi/jxl/2.6.12/jxl-2.6.12.jar:/Users/ryan/.m2/repository/org/asciidoctor/asciidoctorj/1.5.6/asciidoctorj-1.5.6.jar:/Users/ryan/.m2/repository/org/jruby/jruby-complete/1.7.26/jruby-complete-1.7.26.jar:/Users/ryan/.m2/repository/net/bytebuddy/byte-buddy/1.10.10/byte-buddy-1.10.10.jar:/Users/ryan/.m2/repository/net/bytebuddy/byte-buddy-agent/1.10.10/byte-buddy-agent-1.10.10.jar:/Users/ryan/.m2/repository/org/objenesis/objenesis/3.1/objenesis-3.1.jar:/Users/ryan/.m2/repository/net/serenity-bdd/serenity-reports/2.4.24/serenity-reports-2.4.24.jar:/Users/ryan/.m2/repository/net/serenity-bdd/serenity-stats/2.4.24/serenity-stats-2.4.24.jar:/Users/ryan/.m2/repository/net/serenity-bdd/serenity-reports-configuration/2.4.24/serenity-reports-configuration-2.4.24.jar:/Users/ryan/.m2/repository/com/vladsch/flexmark/flexmark-all/0.34.30/flexmark-all-0.34.30.jar:/Users/ryan/.m2/repository/com/vladsch/flexmark/flexmark/0.34.30/flexmark-0.34.30.jar:/Users/ryan/.m2/repository/com/vladsch/flexmark/flexmark-ext-abbreviation/0.34.30/flexmark-ext-abbreviation-0.34.30.jar:/Users/ryan/.m2/repository/com/vladsch/flexmark/flexmark-ext-admonition/0.34.30/flexmark-ext-admonition-0.34.30.jar:/Users/ryan/.m2/repository/com/vladsch/flexmark/flexmark-ext-anchorlink/0.34.30/flexmark-ext-anchorlink-0.34.30.jar:/Users/ryan/.m2/repository/com/vladsch/flexmark/flexmark-ext-aside/0.34.30/flexmark-ext-aside-0.34.30.jar:/Users/ryan/.m2/repository/com/vladsch/flexmark/flexmark-ext-attributes/0.34.30/flexmark-ext-attributes-0.34.30.jar:/Users/ryan/.m2/repository/com/vladsch/flexmark/flexmark-ext-autolink/0.34.30/flexmark-ext-autolink-0.34.30.jar:/Users/ryan/.m2/repository/org/nibor/autolink/autolink/0.6.0/autolink-0.6.0.jar:/Users/ryan/.m2/repository/com/vladsch/flexmark/flexmark-ext-definition/0.34.30/flexmark-ext-definition-0.34.30.jar:/Users/ryan/.m2/repository/com/vladsch/flexmark/flexmark-ext-emoji/0.34.30/flexmark-ext-emoji-0.34.30.jar:/Users/ryan/.m2/repository/com/vladsch/flexmark/flexmark-ext-enumerated-reference/0.34.30/flexmark-ext-enumerated-reference-0.34.30.jar:/Users/ryan/.m2/repository/com/vladsch/flexmark/flexmark-ext-escaped-character/0.34.30/flexmark-ext-escaped-character-0.34.30.jar:/Users/ryan/.m2/repository/com/vladsch/flexmark/flexmark-ext-footnotes/0.34.30/flexmark-ext-footnotes-0.34.30.jar:/Users/ryan/.m2/repository/com/vladsch/flexmark/flexmark-ext-gfm-issues/0.34.30/flexmark-ext-gfm-issues-0.34.30.jar:/Users/ryan/.m2/repository/com/vladsch/flexmark/flexmark-ext-gfm-strikethrough/0.34.30/flexmark-ext-gfm-strikethrough-0.34.30.jar:/Users/ryan/.m2/repository/com/vladsch/flexmark/flexmark-ext-gfm-tables/0.34.30/flexmark-ext-gfm-tables-0.34.30.jar:/Users/ryan/.m2/repository/com/vladsch/flexmark/flexmark-ext-gfm-tasklist/0.34.30/flexmark-ext-gfm-tasklist-0.34.30.jar:/Users/ryan/.m2/repository/com/vladsch/flexmark/flexmark-ext-gfm-users/0.34.30/flexmark-ext-gfm-users-0.34.30.jar:/Users/ryan/.m2/repository/com/vladsch/flexmark/flexmark-ext-gitlab/0.34.30/flexmark-ext-gitlab-0.34.30.jar:/Users/ryan/.m2/repository/com/vladsch/flexmark/flexmark-ext-jekyll-front-matter/0.34.30/flexmark-ext-jekyll-front-matter-0.34.30.jar:/Users/ryan/.m2/repository/com/vladsch/flexmark/flexmark-ext-jekyll-tag/0.34.30/flexmark-ext-jekyll-tag-0.34.30.jar:/Users/ryan/.m2/repository/com/vladsch/flexmark/flexmark-ext-media-tags/0.34.30/flexmark-ext-media-tags-0.34.30.jar:/Users/ryan/.m2/repository/com/vladsch/flexmark/flexmark-test-util/0.34.30/flexmark-test-util-0.34.30.jar:/Users/ryan/.m2/repository/com/vladsch/flexmark/flexmark-ext-ins/0.34.30/flexmark-ext-ins-0.34.30.jar:/Users/ryan/.m2/repository/com/vladsch/flexmark/flexmark-ext-xwiki-macros/0.34.30/flexmark-ext-xwiki-macros-0.34.30.jar:/Users/ryan/.m2/repository/com/vladsch/flexmark/flexmark-ext-superscript/0.34.30/flexmark-ext-superscript-0.34.30.jar:/Users/ryan/.m2/repository/com/vladsch/flexmark/flexmark-ext-tables/0.34.30/flexmark-ext-tables-0.34.30.jar:/Users/ryan/.m2/repository/com/vladsch/flexmark/flexmark-ext-toc/0.34.30/flexmark-ext-toc-0.34.30.jar:/Users/ryan/.m2/repository/com/vladsch/flexmark/flexmark-ext-typographic/0.34.30/flexmark-ext-typographic-0.34.30.jar:/Users/ryan/.m2/repository/com/vladsch/flexmark/flexmark-ext-wikilink/0.34.30/flexmark-ext-wikilink-0.34.30.jar:/Users/ryan/.m2/repository/com/vladsch/flexmark/flexmark-ext-yaml-front-matter/0.34.30/flexmark-ext-yaml-front-matter-0.34.30.jar:/Users/ryan/.m2/repository/com/vladsch/flexmark/flexmark-ext-youtube-embedded/0.34.30/flexmark-ext-youtube-embedded-0.34.30.jar:/Users/ryan/.m2/repository/com/vladsch/flexmark/flexmark-formatter/0.34.30/flexmark-formatter-0.34.30.jar:/Users/ryan/.m2/repository/com/vladsch/flexmark/flexmark-html-parser/0.34.30/flexmark-html-parser-0.34.30.jar:/Users/ryan/.m2/repository/com/vladsch/flexmark/flexmark-jira-converter/0.34.30/flexmark-jira-converter-0.34.30.jar:/Users/ryan/.m2/repository/com/vladsch/flexmark/flexmark-pdf-converter/0.34.30/flexmark-pdf-converter-0.34.30.jar:/Users/ryan/.m2/repository/com/openhtmltopdf/openhtmltopdf-core/0.0.1-RC13/openhtmltopdf-core-0.0.1-RC13.jar:/Users/ryan/.m2/repository/com/openhtmltopdf/openhtmltopdf-pdfbox/0.0.1-RC13/openhtmltopdf-pdfbox-0.0.1-RC13.jar:/Users/ryan/.m2/repository/org/apache/pdfbox/pdfbox/2.0.8/pdfbox-2.0.8.jar:/Users/ryan/.m2/repository/org/apache/pdfbox/fontbox/2.0.8/fontbox-2.0.8.jar:/Users/ryan/.m2/repository/org/apache/pdfbox/xmpbox/2.0.8/xmpbox-2.0.8.jar:/Users/ryan/.m2/repository/de/rototor/pdfbox/graphics2d/0.12/graphics2d-0.12.jar:/Users/ryan/.m2/repository/com/openhtmltopdf/openhtmltopdf-rtl-support/0.0.1-RC13/openhtmltopdf-rtl-support-0.0.1-RC13.jar:/Users/ryan/.m2/repository/com/ibm/icu/icu4j/59.1/icu4j-59.1.jar:/Users/ryan/.m2/repository/com/openhtmltopdf/openhtmltopdf-jsoup-dom-converter/0.0.1-RC13/openhtmltopdf-jsoup-dom-converter-0.0.1-RC13.jar:/Users/ryan/.m2/repository/com/vladsch/flexmark/flexmark-profile-pegdown/0.34.30/flexmark-profile-pegdown-0.34.30.jar:/Users/ryan/.m2/repository/com/vladsch/flexmark/flexmark-util/0.34.30/flexmark-util-0.34.30.jar:/Users/ryan/.m2/repository/com/vladsch/flexmark/flexmark-youtrack-converter/0.34.30/flexmark-youtrack-converter-0.34.30.jar:/Users/ryan/.m2/repository/es/nitaur/markdown/txtmark/0.16/txtmark-0.16.jar:/Users/ryan/.m2/repository/net/serenity-bdd/serenity-report-resources/2.4.24/serenity-report-resources-2.4.24.jar:/Users/ryan/.m2/repository/com/google/code/gson/gson/2.8.6/gson-2.8.6.jar:/Users/ryan/.m2/repository/commons-codec/commons-codec/1.15/commons-codec-1.15.jar:/Users/ryan/.m2/repository/commons-io/commons-io/2.8.0/commons-io-2.8.0.jar:/Users/ryan/.m2/repository/org/seleniumhq/selenium/selenium-server/3.141.59/selenium-server-3.141.59.jar:/Users/ryan/.m2/repository/org/seleniumhq/selenium/selenium-opera-driver/3.141.59/selenium-opera-driver-3.141.59.jar:/Users/ryan/.m2/repository/org/seleniumhq/selenium/selenium-remote-driver/3.141.59/selenium-remote-driver-3.141.59.jar:/Users/ryan/.m2/repository/org/seleniumhq/selenium/selenium-safari-driver/3.141.59/selenium-safari-driver-3.141.59.jar:/Users/ryan/.m2/repository/com/beust/jcommander/1.72/jcommander-1.72.jar:/Users/ryan/.m2/repository/org/apache/commons/commons-exec/1.3/commons-exec-1.3.jar:/Users/ryan/.m2/repository/net/jcip/jcip-annotations/1.0/jcip-annotations-1.0.jar:/Users/ryan/.m2/repository/org/seleniumhq/selenium/jetty-repacked/9.4.12.v20180830/jetty-repacked-9.4.12.v20180830.jar:/Users/ryan/.m2/repository/com/squareup/okhttp3/okhttp/3.11.0/okhttp-3.11.0.jar:/Users/ryan/.m2/repository/com/squareup/okio/okio/1.14.0/okio-1.14.0.jar:/Users/ryan/.m2/repository/javax/servlet/javax.servlet-api/3.1.0/javax.servlet-api-3.1.0.jar:/Users/ryan/.m2/repository/org/yaml/snakeyaml/1.19/snakeyaml-1.19.jar:/Users/ryan/.m2/repository/org/seleniumhq/selenium/selenium-java/3.141.59/selenium-java-3.141.59.jar:/Users/ryan/.m2/repository/org/seleniumhq/selenium/selenium-api/3.141.59/selenium-api-3.141.59.jar:/Users/ryan/.m2/repository/org/seleniumhq/selenium/selenium-support/3.141.59/selenium-support-3.141.59.jar:/Users/ryan/.m2/repository/org/seleniumhq/selenium/selenium-chrome-driver/3.141.59/selenium-chrome-driver-3.141.59.jar:/Users/ryan/.m2/repository/org/seleniumhq/selenium/selenium-firefox-driver/3.141.59/selenium-firefox-driver-3.141.59.jar:/Users/ryan/.m2/repository/org/seleniumhq/selenium/selenium-edge-driver/3.141.59/selenium-edge-driver-3.141.59.jar:/Users/ryan/.m2/repository/org/seleniumhq/selenium/selenium-ie-driver/3.141.59/selenium-ie-driver-3.141.59.jar:/Users/ryan/.m2/repository/net/sourceforge/htmlunit/htmlunit/2.47.1/htmlunit-2.47.1.jar:/Users/ryan/.m2/repository/net/sourceforge/htmlunit/htmlunit-core-js/2.47.0/htmlunit-core-js-2.47.0.jar:/Users/ryan/.m2/repository/net/sourceforge/htmlunit/neko-htmlunit/2.47.1/neko-htmlunit-2.47.1.jar:/Users/ryan/.m2/repository/net/sourceforge/htmlunit/htmlunit-cssparser/1.7.0/htmlunit-cssparser-1.7.0.jar:/Users/ryan/.m2/repository/com/shapesecurity/salvation2/3.0.0/salvation2-3.0.0.jar:/Users/ryan/.m2/repository/org/eclipse/jetty/websocket/websocket-client/9.4.36.v20210114/websocket-client-9.4.36.v20210114.jar:/Users/ryan/.m2/repository/org/eclipse/jetty/jetty-client/9.4.36.v20210114/jetty-client-9.4.36.v20210114.jar:/Users/ryan/.m2/repository/org/eclipse/jetty/jetty-http/9.4.36.v20210114/jetty-http-9.4.36.v20210114.jar:/Users/ryan/.m2/repository/org/eclipse/jetty/jetty-util/9.4.36.v20210114/jetty-util-9.4.36.v20210114.jar:/Users/ryan/.m2/repository/org/eclipse/jetty/jetty-io/9.4.36.v20210114/jetty-io-9.4.36.v20210114.jar:/Users/ryan/.m2/repository/org/eclipse/jetty/websocket/websocket-common/9.4.36.v20210114/websocket-common-9.4.36.v20210114.jar:/Users/ryan/.m2/repository/org/eclipse/jetty/websocket/websocket-api/9.4.36.v20210114/websocket-api-9.4.36.v20210114.jar:/Users/ryan/.m2/repository/org/seleniumhq/selenium/htmlunit-driver/2.47.1/htmlunit-driver-2.47.1.jar:/Users/ryan/.m2/repository/com/codeborne/phantomjsdriver/1.4.4/phantomjsdriver-1.4.4.jar:/Users/ryan/.m2/repository/io/appium/java-client/7.5.1/java-client-7.5.1.jar:/Users/ryan/.m2/repository/commons-validator/commons-validator/1.7/commons-validator-1.7.jar:/Users/ryan/.m2/repository/commons-digester/commons-digester/2.1/commons-digester-2.1.jar:/Users/ryan/.m2/repository/org/aspectj/aspectjweaver/1.9.6/aspectjweaver-1.9.6.jar:/Users/ryan/.m2/repository/org/codehaus/groovy/groovy/3.0.8/groovy-3.0.8.jar:/Users/ryan/.m2/repository/net/sf/opencsv/opencsv/2.0/opencsv-2.0.jar:/Users/ryan/.m2/repository/commons-beanutils/commons-beanutils/1.9.4/commons-beanutils-1.9.4.jar:/Users/ryan/.m2/repository/org/apache/commons/commons-lang3/3.11/commons-lang3-3.11.jar:/Users/ryan/.m2/repository/commons-collections/commons-collections/3.2.2/commons-collections-3.2.2.jar:/Users/ryan/.m2/repository/org/fluentlenium/fluentlenium-core/0.10.2/fluentlenium-core-0.10.2.jar:/Users/ryan/.m2/repository/io/github/bonigarcia/webdrivermanager/4.4.1/webdrivermanager-4.4.1.jar:/Users/ryan/.m2/repository/org/apache/httpcomponents/client5/httpclient5/5.0.3/httpclient5-5.0.3.jar:/Users/ryan/.m2/repository/org/apache/httpcomponents/core5/httpcore5/5.0.2/httpcore5-5.0.2.jar:/Users/ryan/.m2/repository/org/apache/httpcomponents/core5/httpcore5-h2/5.0.2/httpcore5-h2-5.0.2.jar:/Users/ryan/.m2/repository/org/rauschig/jarchivelib/1.1.0/jarchivelib-1.1.0.jar:/Users/ryan/.m2/repository/org/apache/commons/commons-compress/1.20/commons-compress-1.20.jar:/Users/ryan/.m2/repository/com/jhlabs/filters/2.0.235/filters-2.0.235.jar:/Users/ryan/.m2/repository/com/assertthat/selenium-shutterbug/1.4/selenium-shutterbug-1.4.jar:/Users/ryan/.m2/repository/org/projectlombok/lombok/1.18.8/lombok-1.18.8.jar:/Users/ryan/.m2/repository/com/github/zafarkhaja/java-semver/0.9.0/java-semver-0.9.0.jar:/Users/ryan/.m2/repository/ru/yandex/qatools/ashot/ashot/1.5.4/ashot-1.5.4.jar:/Users/ryan/.m2/repository/com/paulhammant/ngwebdriver/1.1.5/ngwebdriver-1.1.5.jar:/Users/ryan/.m2/repository/joda-time/joda-time/2.8.2/joda-time-2.8.2.jar:/Users/ryan/.m2/repository/org/hamcrest/hamcrest/2.2/hamcrest-2.2.jar:/Users/ryan/.m2/repository/com/google/jimfs/jimfs/1.1/jimfs-1.1.jar:/Users/ryan/.m2/repository/org/mockito/mockito-core/3.3.3/mockito-core-3.3.3.jar:/Users/ryan/.m2/repository/javax/xml/bind/jaxb-api/2.3.1/jaxb-api-2.3.1.jar:/Users/ryan/.m2/repository/javax/activation/javax.activation-api/1.2.0/javax.activation-api-1.2.0.jar:/Users/ryan/.m2/repository/com/sun/xml/bind/jaxb-core/2.3.0.1/jaxb-core-2.3.0.1.jar:/Users/ryan/.m2/repository/com/sun/xml/bind/jaxb-impl/2.3.3/jaxb-impl-2.3.3.jar:/Users/ryan/.m2/repository/jakarta/xml/bind/jakarta.xml.bind-api/2.3.3/jakarta.xml.bind-api-2.3.3.jar:/Users/ryan/.m2/repository/com/sun/activation/jakarta.activation/1.2.2/jakarta.activation-1.2.2.jar:/Users/ryan/.m2/repository/javax/activation/activation/1.1.1/activation-1.1.1.jar:/Users/ryan/.m2/repository/net/serenity-bdd/serenity-cucumber6/2.4.24/serenity-cucumber6-2.4.24.jar:/Users/ryan/.m2/repository/io/cucumber/cucumber-java/6.10.2/cucumber-java-6.10.2.jar:/Users/ryan/.m2/repository/io/cucumber/cucumber-junit/6.10.2/cucumber-junit-6.10.2.jar:/Users/ryan/.m2/repository/io/cucumber/datatable-matchers/3.4.0/datatable-matchers-3.4.0.jar:/Users/ryan/.m2/repository/io/cucumber/datatable/3.4.0/datatable-3.4.0.jar:/Users/ryan/.m2/repository/commons-logging/commons-logging/1.2/commons-logging-1.2.jar:/Users/ryan/.m2/repository/org/apache/commons/commons-csv/1.5/commons-csv-1.5.jar:/Users/ryan/.m2/repository/net/serenity-bdd/serenity-screenplay/2.4.24/serenity-screenplay-2.4.24.jar:/Users/ryan/.m2/repository/net/serenity-bdd/serenity-screenplay-webdriver/2.4.24/serenity-screenplay-webdriver-2.4.24.jar:/Users/ryan/.m2/repository/net/serenity-bdd/serenity-ensure/2.4.24/serenity-ensure-2.4.24.jar:/Users/ryan/.m2/repository/net/serenity-bdd/serenity-junit/2.4.24/serenity-junit-2.4.24.jar:/Users/ryan/.m2/repository/org/jetbrains/kotlin/kotlin-stdlib/1.4.31/kotlin-stdlib-1.4.31.jar:/Users/ryan/.m2/repository/org/jetbrains/kotlin/kotlin-stdlib-common/1.4.31/kotlin-stdlib-common-1.4.31.jar:/Users/ryan/.m2/repository/org/jetbrains/annotations/13.0/annotations-13.0.jar:/Users/ryan/.m2/repository/junit/junit/4.13.1/junit-4.13.1.jar:/Users/ryan/.m2/repository/org/hamcrest/hamcrest-core/1.3/hamcrest-core-1.3.jar:/Users/ryan/.m2/repository/ch/qos/logback/logback-classic/1.0.13/logback-classic-1.0.13.jar:/Users/ryan/.m2/repository/ch/qos/logback/logback-core/1.0.13/logback-core-1.0.13.jar:/Users/ryan/.m2/repository/org/slf4j/slf4j-api/1.7.5/slf4j-api-1.7.5.jar:/Users/ryan/.m2/repository/org/assertj/assertj-core/3.6.2/assertj-core-3.6.2.jar:/Users/ryan/.m2/repository/io/rest-assured/rest-assured/4.3.2/rest-assured-4.3.2.jar:/Users/ryan/.m2/repository/org/codehaus/groovy/groovy-xml/3.0.6/groovy-xml-3.0.6.jar:/Users/ryan/.m2/repository/org/apache/httpcomponents/httpclient/4.5.3/httpclient-4.5.3.jar:/Users/ryan/.m2/repository/org/apache/httpcomponents/httpmime/4.5.3/httpmime-4.5.3.jar:/Users/ryan/.m2/repository/org/ccil/cowan/tagsoup/tagsoup/1.2.1/tagsoup-1.2.1.jar:/Users/ryan/.m2/repository/io/rest-assured/json-path/4.3.2/json-path-4.3.2.jar:/Users/ryan/.m2/repository/io/rest-assured/rest-assured-common/4.3.2/rest-assured-common-4.3.2.jar:/Users/ryan/.m2/repository/io/rest-assured/xml-path/4.3.2/xml-path-4.3.2.jar:/Users/ryan/.m2/repository/net/serenity-bdd/serenity-rest-assured/2.4.34/serenity-rest-assured-2.4.34.jar:/Users/ryan/.m2/repository/org/codehaus/groovy/groovy-json/3.0.8/groovy-json-3.0.8.jar:/Users/ryan/.m2/repository/org/opentest4j/opentest4j/1.2.0/opentest4j-1.2.0.jar:/Users/ryan/.m2/repository/org/apache/jmeter/ApacheJMeter_java/5.4.1/ApacheJMeter_java-5.4.1.jar:/Users/ryan/.m2/repository/org/apache/jmeter/ApacheJMeter_core/5.4.1/ApacheJMeter_core-5.4.1.jar:/Users/ryan/.m2/repository/org/apache/jmeter/ApacheJMeter/5.4.1/ApacheJMeter-5.4.1.jar:/Users/ryan/.m2/repository/org/apache/jmeter/jorphan/5.4.1/jorphan-5.4.1.jar:/Users/ryan/.m2/repository/bsf/bsf/2.4.0/bsf-2.4.0.jar:/Users/ryan/.m2/repository/com/fifesoft/rsyntaxtextarea/3.1.1/rsyntaxtextarea-3.1.1.jar:/Users/ryan/.m2/repository/net/sf/jtidy/jtidy/r938/jtidy-r938.jar:/Users/ryan/.m2/repository/com/thoughtworks/xstream/xstream/1.4.15/xstream-1.4.15.jar:/Users/ryan/.m2/repository/xmlpull/xmlpull/1.1.3.1/xmlpull-1.1.3.1.jar:/Users/ryan/.m2/repository/xpp3/xpp3_min/1.1.4c/xpp3_min-1.1.4c.jar:/Users/ryan/.m2/repository/org/apache/logging/log4j/log4j-1.2-api/2.13.3/log4j-1.2-api-2.13.3.jar:/Users/ryan/.m2/repository/org/apache/logging/log4j/log4j-api/2.13.3/log4j-api-2.13.3.jar:/Users/ryan/.m2/repository/org/apache/logging/log4j/log4j-core/2.13.3/log4j-core-2.13.3.jar:/Users/ryan/.m2/repository/org/apache/logging/log4j/log4j-slf4j-impl/2.13.3/log4j-slf4j-impl-2.13.3.jar:/Users/ryan/.m2/repository/org/apiguardian/apiguardian-api/1.1.0/apiguardian-api-1.1.0.jar:/Users/ryan/.m2/repository/oro/oro/2.0.8/oro-2.0.8.jar:/Users/ryan/.m2/repository/xalan/xalan/2.7.2/xalan-2.7.2.jar:/Users/ryan/.m2/repository/xalan/serializer/2.7.2/serializer-2.7.2.jar:/Users/ryan/.m2/repository/net/sf/saxon/Saxon-HE/9.9.1-8/Saxon-HE-9.9.1-8.jar:/Users/ryan/.m2/repository/com/fasterxml/jackson/core/jackson-annotations/2.10.5/jackson-annotations-2.10.5.jar:/Users/ryan/.m2/repository/com/fasterxml/jackson/core/jackson-core/2.10.5/jackson-core-2.10.5.jar:/Users/ryan/.m2/repository/com/fasterxml/jackson/core/jackson-databind/2.10.5/jackson-databind-2.10.5.jar:/Users/ryan/.m2/repository/com/formdev/svgSalamander/1.1.2.3/svgSalamander-1.1.2.3.jar:/Users/ryan/.m2/repository/com/github/ben-manes/caffeine/caffeine/2.8.8/caffeine-2.8.8.jar:/Users/ryan/.m2/repository/org/checkerframework/checker-qual/3.8.0/checker-qual-3.8.0.jar:/Users/ryan/.m2/repository/com/google/errorprone/error_prone_annotations/2.4.0/error_prone_annotations-2.4.0.jar:/Users/ryan/.m2/repository/com/github/weisj/darklaf-core/2.5.4/darklaf-core-2.5.4.jar:/Users/ryan/.m2/repository/com/github/weisj/darklaf-utils/2.5.4/darklaf-utils-2.5.4.jar:/Users/ryan/.m2/repository/com/github/weisj/darklaf-native-utils/2.5.4/darklaf-native-utils-2.5.4.jar:/Users/ryan/.m2/repository/com/github/weisj/darklaf-platform-base/2.5.4/darklaf-platform-base-2.5.4.jar:/Users/ryan/.m2/repository/com/github/weisj/darklaf-windows/2.5.4/darklaf-windows-2.5.4.jar:/Users/ryan/.m2/repository/net/java/dev/jna/jna/5.5.0/jna-5.5.0.jar:/Users/ryan/.m2/repository/com/github/weisj/darklaf-macos/2.5.4/darklaf-macos-2.5.4.jar:/Users/ryan/.m2/repository/org/swinglabs/jxlayer/3.0.4/jxlayer-3.0.4.jar:/Users/ryan/.m2/repository/com/github/weisj/darklaf-theme/2.5.4/darklaf-theme-2.5.4.jar:/Users/ryan/.m2/repository/com/github/weisj/darklaf-property-loader/2.5.4/darklaf-property-loader-2.5.4.jar:/Users/ryan/.m2/repository/com/github/weisj/darklaf-extensions-rsyntaxarea/0.3.4/darklaf-extensions-rsyntaxarea-0.3.4.jar:/Users/ryan/.m2/repository/com/miglayout/miglayout-swing/5.2/miglayout-swing-5.2.jar:/Users/ryan/.m2/repository/com/miglayout/miglayout-core/5.2/miglayout-core-5.2.jar:/Users/ryan/.m2/repository/org/apache/commons/commons-collections4/4.4/commons-collections4-4.4.jar:/Users/ryan/.m2/repository/org/apache/commons/commons-math3/3.6.1/commons-math3-3.6.1.jar:/Users/ryan/.m2/repository/org/apache/commons/commons-text/1.9/commons-text-1.9.jar:/Users/ryan/.m2/repository/org/apache/tika/tika-core/1.24.1/tika-core-1.24.1.jar:/Users/ryan/.m2/repository/org/apache/xmlgraphics/xmlgraphics-commons/2.3/xmlgraphics-commons-2.3.jar:/Users/ryan/.m2/repository/org/freemarker/freemarker/2.3.30/freemarker-2.3.30.jar:/Users/ryan/.m2/repository/org/jodd/jodd-core/5.0.13/jodd-core-5.0.13.jar:/Users/ryan/.m2/repository/org/jodd/jodd-props/5.0.13/jodd-props-5.0.13.jar:/Users/ryan/.m2/repository/org/mozilla/rhino/1.7.13/rhino-1.7.13.jar:/Users/ryan/.m2/repository/org/slf4j/jcl-over-slf4j/1.7.30/jcl-over-slf4j-1.7.30.jar:/Users/ryan/.m2/repository/org/codehaus/groovy/groovy-dateutil/3.0.7/groovy-dateutil-3.0.7.jar:/Users/ryan/.m2/repository/org/codehaus/groovy/groovy-datetime/3.0.7/groovy-datetime-3.0.7.jar:/Users/ryan/.m2/repository/org/codehaus/groovy/groovy-jmx/3.0.7/groovy-jmx-3.0.7.jar:/Users/ryan/.m2/repository/org/codehaus/groovy/groovy-jsr223/3.0.7/groovy-jsr223-3.0.7.jar:/Users/ryan/.m2/repository/org/codehaus/groovy/groovy-sql/3.0.7/groovy-sql-3.0.7.jar:/Users/ryan/.m2/repository/org/codehaus/groovy/groovy-templates/3.0.7/groovy-templates-3.0.7.jar:/Users/ryan/.m2/repository/org/apache/tika/tika-parsers/1.24.1/tika-parsers-1.24.1.jar:/Users/ryan/.m2/repository/xerces/xercesImpl/2.12.0/xercesImpl-2.12.0.jar:/Users/ryan/.m2/repository/xml-apis/xml-apis/1.4.01/xml-apis-1.4.01.jar:/Users/ryan/.m2/repository/org/apache/jmeter/ApacheJMeter_http/5.4.1/ApacheJMeter_http-5.4.1.jar:/Users/ryan/.m2/repository/org/apache/jmeter/ApacheJMeter_components/5.4.1/ApacheJMeter_components-5.4.1.jar:/Users/ryan/.m2/repository/org/apache-extras/beanshell/bsh/2.0b6/bsh-2.0b6.jar:/Users/ryan/.m2/repository/javax/mail/mail/1.5.0-b01/mail-1.5.0-b01.jar:/Users/ryan/.m2/repository/io/burt/jmespath-core/0.5.0/jmespath-core-0.5.0.jar:/Users/ryan/.m2/repository/io/burt/jmespath-jackson/0.5.0/jmespath-jackson-0.5.0.jar:/Users/ryan/.m2/repository/jcharts/jcharts/0.7.5/jcharts-0.7.5.jar:/Users/ryan/.m2/repository/net/minidev/json-smart/2.3/json-smart-2.3.jar:/Users/ryan/.m2/repository/net/minidev/accessors-smart/1.2/accessors-smart-1.2.jar:/Users/ryan/.m2/repository/org/apache/commons/commons-pool2/2.9.0/commons-pool2-2.9.0.jar:/Users/ryan/.m2/repository/org/ow2/asm/asm/9.0/asm-9.0.jar:/Users/ryan/.m2/repository/org/jodd/jodd-log/5.0.13/jodd-log-5.0.13.jar:/Users/ryan/.m2/repository/com/jayway/jsonpath/json-path/2.4.0/json-path-2.4.0.jar:/Users/ryan/.m2/repository/org/apache/httpcomponents/httpasyncclient/4.1.4/httpasyncclient-4.1.4.jar:/Users/ryan/.m2/repository/org/apache/httpcomponents/httpcore-nio/4.4.13/httpcore-nio-4.4.13.jar:/Users/ryan/.m2/repository/com/sun/activation/javax.activation/1.2.0/javax.activation-1.2.0.jar:/Users/ryan/.m2/repository/org/jodd/jodd-lagarto/5.0.13/jodd-lagarto-5.0.13.jar:/Users/ryan/.m2/repository/org/jsoup/jsoup/1.13.1/jsoup-1.13.1.jar:/Users/ryan/.m2/repository/commons-net/commons-net/3.7.2/commons-net-3.7.2.jar:/Users/ryan/.m2/repository/com/helger/ph-commons/9.5.1/ph-commons-9.5.1.jar:/Users/ryan/.m2/repository/com/helger/ph-css/6.2.3/ph-css-6.2.3.jar:/Users/ryan/.m2/repository/dnsjava/dnsjava/2.1.9/dnsjava-2.1.9.jar:/Users/ryan/.m2/repository/org/apache/httpcomponents/httpcore/4.4.13/httpcore-4.4.13.jar:/Users/ryan/.m2/repository/org/brotli/dec/0.1.2/dec-0.1.2.jar:"/>
    <property name="sun.cpu.endian" value="little"/>
    <property name="user.home" value="/Users/ryan"/>
    <property name="user.language" value="en"/>
    <property name="java.specification.vendor" value="Oracle Corporation"/>
    <property name="jdk.module.path" value="/Users/ryan/Projects/jmetertest11/target/jmetertest11-1.0.0-SNAPSHOT.jar"/>
    <property name="java.version.date" value="2021-01-19"/>
    <property name="java.home" value="/Library/Java/JavaVirtualMachines/adoptopenjdk-11.jdk/Contents/Home"/>
    <property name="file.separator" value="/"/>
    <property name="basedir" value="/Users/ryan/Projects/jmetertest11"/>
    <property name="java.vm.compressedOopsMode" value="Zero based"/>
    <property name="line.separator" value="&#10;"/>
    <property name="java.specification.name" value="Java Platform API Specification"/>
    <property name="java.vm.specification.vendor" value="Oracle Corporation"/>
    <property name="java.awt.graphicsenv" value="sun.awt.CGraphicsEnvironment"/>
    <property name="surefire.real.class.path" value="/Users/ryan/.m2/repository/org/apache/maven/surefire/surefire-booter/3.0.0-M5/surefire-booter-3.0.0-M5.jar:/Users/ryan/.m2/repository/org/apache/maven/surefire/surefire-api/3.0.0-M5/surefire-api-3.0.0-M5.jar:/Users/ryan/.m2/repository/org/apache/maven/surefire/surefire-logger-api/3.0.0-M5/surefire-logger-api-3.0.0-M5.jar:/Users/ryan/.m2/repository/org/apache/maven/surefire/surefire-shared-utils/3.0.0-M4/surefire-shared-utils-3.0.0-M4.jar:/Users/ryan/.m2/repository/org/apache/maven/surefire/surefire-extensions-spi/3.0.0-M5/surefire-extensions-spi-3.0.0-M5.jar:/Users/ryan/Projects/jmetertest11/target/test-classes:/Users/ryan/.m2/repository/net/serenity-bdd/serenity-core/2.4.24/serenity-core-2.4.24.jar:/Users/ryan/.m2/repository/net/serenity-bdd/serenity-model/2.4.24/serenity-model-2.4.24.jar:/Users/ryan/.m2/repository/com/google/guava/guava/30.1-jre/guava-30.1-jre.jar:/Users/ryan/.m2/repository/com/google/guava/failureaccess/1.0.1/failureaccess-1.0.1.jar:/Users/ryan/.m2/repository/com/google/guava/listenablefuture/9999.0-empty-to-avoid-conflict-with-guava/listenablefuture-9999.0-empty-to-avoid-conflict-with-guava.jar:/Users/ryan/.m2/repository/com/google/code/findbugs/jsr305/3.0.2/jsr305-3.0.2.jar:/Users/ryan/.m2/repository/com/google/j2objc/j2objc-annotations/1.3/j2objc-annotations-1.3.jar:/Users/ryan/.m2/repository/com/google/inject/guice/5.0.1/guice-5.0.1.jar:/Users/ryan/.m2/repository/javax/inject/javax.inject/1/javax.inject-1.jar:/Users/ryan/.m2/repository/aopalliance/aopalliance/1.0/aopalliance-1.0.jar:/Users/ryan/.m2/repository/io/cucumber/cucumber-core/6.10.2/cucumber-core-6.10.2.jar:/Users/ryan/.m2/repository/io/cucumber/cucumber-gherkin/6.10.2/cucumber-gherkin-6.10.2.jar:/Users/ryan/.m2/repository/io/cucumber/cucumber-gherkin-messages/6.10.2/cucumber-gherkin-messages-6.10.2.jar:/Users/ryan/.m2/repository/io/cucumber/messages/14.0.1/messages-14.0.1.jar:/Users/ryan/.m2/repository/io/cucumber/tag-expressions/3.0.0/tag-expressions-3.0.0.jar:/Users/ryan/.m2/repository/io/cucumber/cucumber-expressions/10.3.0/cucumber-expressions-10.3.0.jar:/Users/ryan/.m2/repository/io/cucumber/cucumber-plugin/6.10.2/cucumber-plugin-6.10.2.jar:/Users/ryan/.m2/repository/io/cucumber/docstring/6.10.2/docstring-6.10.2.jar:/Users/ryan/.m2/repository/io/cucumber/html-formatter/12.0.0/html-formatter-12.0.0.jar:/Users/ryan/.m2/repository/io/cucumber/create-meta/3.0.0/create-meta-3.0.0.jar:/Users/ryan/.m2/repository/com/typesafe/config/1.3.1/config-1.3.1.jar:/Users/ryan/.m2/repository/org/imgscalr/imgscalr-lib/4.2/imgscalr-lib-4.2.jar:/Users/ryan/.m2/repository/org/awaitility/awaitility/4.0.3/awaitility-4.0.3.jar:/Users/ryan/.m2/repository/net/sourceforge/jexcelapi/jxl/2.6.12/jxl-2.6.12.jar:/Users/ryan/.m2/repository/org/asciidoctor/asciidoctorj/1.5.6/asciidoctorj-1.5.6.jar:/Users/ryan/.m2/repository/org/jruby/jruby-complete/1.7.26/jruby-complete-1.7.26.jar:/Users/ryan/.m2/repository/net/bytebuddy/byte-buddy/1.10.10/byte-buddy-1.10.10.jar:/Users/ryan/.m2/repository/net/bytebuddy/byte-buddy-agent/1.10.10/byte-buddy-agent-1.10.10.jar:/Users/ryan/.m2/repository/org/objenesis/objenesis/3.1/objenesis-3.1.jar:/Users/ryan/.m2/repository/net/serenity-bdd/serenity-reports/2.4.24/serenity-reports-2.4.24.jar:/Users/ryan/.m2/repository/net/serenity-bdd/serenity-stats/2.4.24/serenity-stats-2.4.24.jar:/Users/ryan/.m2/repository/net/serenity-bdd/serenity-reports-configuration/2.4.24/serenity-reports-configuration-2.4.24.jar:/Users/ryan/.m2/repository/com/vladsch/flexmark/flexmark-all/0.34.30/flexmark-all-0.34.30.jar:/Users/ryan/.m2/repository/com/vladsch/flexmark/flexmark/0.34.30/flexmark-0.34.30.jar:/Users/ryan/.m2/repository/com/vladsch/flexmark/flexmark-ext-abbreviation/0.34.30/flexmark-ext-abbreviation-0.34.30.jar:/Users/ryan/.m2/repository/com/vladsch/flexmark/flexmark-ext-admonition/0.34.30/flexmark-ext-admonition-0.34.30.jar:/Users/ryan/.m2/repository/com/vladsch/flexmark/flexmark-ext-anchorlink/0.34.30/flexmark-ext-anchorlink-0.34.30.jar:/Users/ryan/.m2/repository/com/vladsch/flexmark/flexmark-ext-aside/0.34.30/flexmark-ext-aside-0.34.30.jar:/Users/ryan/.m2/repository/com/vladsch/flexmark/flexmark-ext-attributes/0.34.30/flexmark-ext-attributes-0.34.30.jar:/Users/ryan/.m2/repository/com/vladsch/flexmark/flexmark-ext-autolink/0.34.30/flexmark-ext-autolink-0.34.30.jar:/Users/ryan/.m2/repository/org/nibor/autolink/autolink/0.6.0/autolink-0.6.0.jar:/Users/ryan/.m2/repository/com/vladsch/flexmark/flexmark-ext-definition/0.34.30/flexmark-ext-definition-0.34.30.jar:/Users/ryan/.m2/repository/com/vladsch/flexmark/flexmark-ext-emoji/0.34.30/flexmark-ext-emoji-0.34.30.jar:/Users/ryan/.m2/repository/com/vladsch/flexmark/flexmark-ext-enumerated-reference/0.34.30/flexmark-ext-enumerated-reference-0.34.30.jar:/Users/ryan/.m2/repository/com/vladsch/flexmark/flexmark-ext-escaped-character/0.34.30/flexmark-ext-escaped-character-0.34.30.jar:/Users/ryan/.m2/repository/com/vladsch/flexmark/flexmark-ext-footnotes/0.34.30/flexmark-ext-footnotes-0.34.30.jar:/Users/ryan/.m2/repository/com/vladsch/flexmark/flexmark-ext-gfm-issues/0.34.30/flexmark-ext-gfm-issues-0.34.30.jar:/Users/ryan/.m2/repository/com/vladsch/flexmark/flexmark-ext-gfm-strikethrough/0.34.30/flexmark-ext-gfm-strikethrough-0.34.30.jar:/Users/ryan/.m2/repository/com/vladsch/flexmark/flexmark-ext-gfm-tables/0.34.30/flexmark-ext-gfm-tables-0.34.30.jar:/Users/ryan/.m2/repository/com/vladsch/flexmark/flexmark-ext-gfm-tasklist/0.34.30/flexmark-ext-gfm-tasklist-0.34.30.jar:/Users/ryan/.m2/repository/com/vladsch/flexmark/flexmark-ext-gfm-users/0.34.30/flexmark-ext-gfm-users-0.34.30.jar:/Users/ryan/.m2/repository/com/vladsch/flexmark/flexmark-ext-gitlab/0.34.30/flexmark-ext-gitlab-0.34.30.jar:/Users/ryan/.m2/repository/com/vladsch/flexmark/flexmark-ext-jekyll-front-matter/0.34.30/flexmark-ext-jekyll-front-matter-0.34.30.jar:/Users/ryan/.m2/repository/com/vladsch/flexmark/flexmark-ext-jekyll-tag/0.34.30/flexmark-ext-jekyll-tag-0.34.30.jar:/Users/ryan/.m2/repository/com/vladsch/flexmark/flexmark-ext-media-tags/0.34.30/flexmark-ext-media-tags-0.34.30.jar:/Users/ryan/.m2/repository/com/vladsch/flexmark/flexmark-test-util/0.34.30/flexmark-test-util-0.34.30.jar:/Users/ryan/.m2/repository/com/vladsch/flexmark/flexmark-ext-ins/0.34.30/flexmark-ext-ins-0.34.30.jar:/Users/ryan/.m2/repository/com/vladsch/flexmark/flexmark-ext-xwiki-macros/0.34.30/flexmark-ext-xwiki-macros-0.34.30.jar:/Users/ryan/.m2/repository/com/vladsch/flexmark/flexmark-ext-superscript/0.34.30/flexmark-ext-superscript-0.34.30.jar:/Users/ryan/.m2/repository/com/vladsch/flexmark/flexmark-ext-tables/0.34.30/flexmark-ext-tables-0.34.30.jar:/Users/ryan/.m2/repository/com/vladsch/flexmark/flexmark-ext-toc/0.34.30/flexmark-ext-toc-0.34.30.jar:/Users/ryan/.m2/repository/com/vladsch/flexmark/flexmark-ext-typographic/0.34.30/flexmark-ext-typographic-0.34.30.jar:/Users/ryan/.m2/repository/com/vladsch/flexmark/flexmark-ext-wikilink/0.34.30/flexmark-ext-wikilink-0.34.30.jar:/Users/ryan/.m2/repository/com/vladsch/flexmark/flexmark-ext-yaml-front-matter/0.34.30/flexmark-ext-yaml-front-matter-0.34.30.jar:/Users/ryan/.m2/repository/com/vladsch/flexmark/flexmark-ext-youtube-embedded/0.34.30/flexmark-ext-youtube-embedded-0.34.30.jar:/Users/ryan/.m2/repository/com/vladsch/flexmark/flexmark-formatter/0.34.30/flexmark-formatter-0.34.30.jar:/Users/ryan/.m2/repository/com/vladsch/flexmark/flexmark-html-parser/0.34.30/flexmark-html-parser-0.34.30.jar:/Users/ryan/.m2/repository/com/vladsch/flexmark/flexmark-jira-converter/0.34.30/flexmark-jira-converter-0.34.30.jar:/Users/ryan/.m2/repository/com/vladsch/flexmark/flexmark-pdf-converter/0.34.30/flexmark-pdf-converter-0.34.30.jar:/Users/ryan/.m2/repository/com/openhtmltopdf/openhtmltopdf-core/0.0.1-RC13/openhtmltopdf-core-0.0.1-RC13.jar:/Users/ryan/.m2/repository/com/openhtmltopdf/openhtmltopdf-pdfbox/0.0.1-RC13/openhtmltopdf-pdfbox-0.0.1-RC13.jar:/Users/ryan/.m2/repository/org/apache/pdfbox/pdfbox/2.0.8/pdfbox-2.0.8.jar:/Users/ryan/.m2/repository/org/apache/pdfbox/fontbox/2.0.8/fontbox-2.0.8.jar:/Users/ryan/.m2/repository/org/apache/pdfbox/xmpbox/2.0.8/xmpbox-2.0.8.jar:/Users/ryan/.m2/repository/de/rototor/pdfbox/graphics2d/0.12/graphics2d-0.12.jar:/Users/ryan/.m2/repository/com/openhtmltopdf/openhtmltopdf-rtl-support/0.0.1-RC13/openhtmltopdf-rtl-support-0.0.1-RC13.jar:/Users/ryan/.m2/repository/com/ibm/icu/icu4j/59.1/icu4j-59.1.jar:/Users/ryan/.m2/repository/com/openhtmltopdf/openhtmltopdf-jsoup-dom-converter/0.0.1-RC13/openhtmltopdf-jsoup-dom-converter-0.0.1-RC13.jar:/Users/ryan/.m2/repository/com/vladsch/flexmark/flexmark-profile-pegdown/0.34.30/flexmark-profile-pegdown-0.34.30.jar:/Users/ryan/.m2/repository/com/vladsch/flexmark/flexmark-util/0.34.30/flexmark-util-0.34.30.jar:/Users/ryan/.m2/repository/com/vladsch/flexmark/flexmark-youtrack-converter/0.34.30/flexmark-youtrack-converter-0.34.30.jar:/Users/ryan/.m2/repository/es/nitaur/markdown/txtmark/0.16/txtmark-0.16.jar:/Users/ryan/.m2/repository/net/serenity-bdd/serenity-report-resources/2.4.24/serenity-report-resources-2.4.24.jar:/Users/ryan/.m2/repository/com/google/code/gson/gson/2.8.6/gson-2.8.6.jar:/Users/ryan/.m2/repository/commons-codec/commons-codec/1.15/commons-codec-1.15.jar:/Users/ryan/.m2/repository/commons-io/commons-io/2.8.0/commons-io-2.8.0.jar:/Users/ryan/.m2/repository/org/seleniumhq/selenium/selenium-server/3.141.59/selenium-server-3.141.59.jar:/Users/ryan/.m2/repository/org/seleniumhq/selenium/selenium-opera-driver/3.141.59/selenium-opera-driver-3.141.59.jar:/Users/ryan/.m2/repository/org/seleniumhq/selenium/selenium-remote-driver/3.141.59/selenium-remote-driver-3.141.59.jar:/Users/ryan/.m2/repository/org/seleniumhq/selenium/selenium-safari-driver/3.141.59/selenium-safari-driver-3.141.59.jar:/Users/ryan/.m2/repository/com/beust/jcommander/1.72/jcommander-1.72.jar:/Users/ryan/.m2/repository/org/apache/commons/commons-exec/1.3/commons-exec-1.3.jar:/Users/ryan/.m2/repository/net/jcip/jcip-annotations/1.0/jcip-annotations-1.0.jar:/Users/ryan/.m2/repository/org/seleniumhq/selenium/jetty-repacked/9.4.12.v20180830/jetty-repacked-9.4.12.v20180830.jar:/Users/ryan/.m2/repository/com/squareup/okhttp3/okhttp/3.11.0/okhttp-3.11.0.jar:/Users/ryan/.m2/repository/com/squareup/okio/okio/1.14.0/okio-1.14.0.jar:/Users/ryan/.m2/repository/javax/servlet/javax.servlet-api/3.1.0/javax.servlet-api-3.1.0.jar:/Users/ryan/.m2/repository/org/yaml/snakeyaml/1.19/snakeyaml-1.19.jar:/Users/ryan/.m2/repository/org/seleniumhq/selenium/selenium-java/3.141.59/selenium-java-3.141.59.jar:/Users/ryan/.m2/repository/org/seleniumhq/selenium/selenium-api/3.141.59/selenium-api-3.141.59.jar:/Users/ryan/.m2/repository/org/seleniumhq/selenium/selenium-support/3.141.59/selenium-support-3.141.59.jar:/Users/ryan/.m2/repository/org/seleniumhq/selenium/selenium-chrome-driver/3.141.59/selenium-chrome-driver-3.141.59.jar:/Users/ryan/.m2/repository/org/seleniumhq/selenium/selenium-firefox-driver/3.141.59/selenium-firefox-driver-3.141.59.jar:/Users/ryan/.m2/repository/org/seleniumhq/selenium/selenium-edge-driver/3.141.59/selenium-edge-driver-3.141.59.jar:/Users/ryan/.m2/repository/org/seleniumhq/selenium/selenium-ie-driver/3.141.59/selenium-ie-driver-3.141.59.jar:/Users/ryan/.m2/repository/net/sourceforge/htmlunit/htmlunit/2.47.1/htmlunit-2.47.1.jar:/Users/ryan/.m2/repository/net/sourceforge/htmlunit/htmlunit-core-js/2.47.0/htmlunit-core-js-2.47.0.jar:/Users/ryan/.m2/repository/net/sourceforge/htmlunit/neko-htmlunit/2.47.1/neko-htmlunit-2.47.1.jar:/Users/ryan/.m2/repository/net/sourceforge/htmlunit/htmlunit-cssparser/1.7.0/htmlunit-cssparser-1.7.0.jar:/Users/ryan/.m2/repository/com/shapesecurity/salvation2/3.0.0/salvation2-3.0.0.jar:/Users/ryan/.m2/repository/org/eclipse/jetty/websocket/websocket-client/9.4.36.v20210114/websocket-client-9.4.36.v20210114.jar:/Users/ryan/.m2/repository/org/eclipse/jetty/jetty-client/9.4.36.v20210114/jetty-client-9.4.36.v20210114.jar:/Users/ryan/.m2/repository/org/eclipse/jetty/jetty-http/9.4.36.v20210114/jetty-http-9.4.36.v20210114.jar:/Users/ryan/.m2/repository/org/eclipse/jetty/jetty-util/9.4.36.v20210114/jetty-util-9.4.36.v20210114.jar:/Users/ryan/.m2/repository/org/eclipse/jetty/jetty-io/9.4.36.v20210114/jetty-io-9.4.36.v20210114.jar:/Users/ryan/.m2/repository/org/eclipse/jetty/websocket/websocket-common/9.4.36.v20210114/websocket-common-9.4.36.v20210114.jar:/Users/ryan/.m2/repository/org/eclipse/jetty/websocket/websocket-api/9.4.36.v20210114/websocket-api-9.4.36.v20210114.jar:/Users/ryan/.m2/repository/org/seleniumhq/selenium/htmlunit-driver/2.47.1/htmlunit-driver-2.47.1.jar:/Users/ryan/.m2/repository/com/codeborne/phantomjsdriver/1.4.4/phantomjsdriver-1.4.4.jar:/Users/ryan/.m2/repository/io/appium/java-client/7.5.1/java-client-7.5.1.jar:/Users/ryan/.m2/repository/commons-validator/commons-validator/1.7/commons-validator-1.7.jar:/Users/ryan/.m2/repository/commons-digester/commons-digester/2.1/commons-digester-2.1.jar:/Users/ryan/.m2/repository/org/aspectj/aspectjweaver/1.9.6/aspectjweaver-1.9.6.jar:/Users/ryan/.m2/repository/org/codehaus/groovy/groovy/3.0.8/groovy-3.0.8.jar:/Users/ryan/.m2/repository/net/sf/opencsv/opencsv/2.0/opencsv-2.0.jar:/Users/ryan/.m2/repository/commons-beanutils/commons-beanutils/1.9.4/commons-beanutils-1.9.4.jar:/Users/ryan/.m2/repository/org/apache/commons/commons-lang3/3.11/commons-lang3-3.11.jar:/Users/ryan/.m2/repository/commons-collections/commons-collections/3.2.2/commons-collections-3.2.2.jar:/Users/ryan/.m2/repository/org/fluentlenium/fluentlenium-core/0.10.2/fluentlenium-core-0.10.2.jar:/Users/ryan/.m2/repository/io/github/bonigarcia/webdrivermanager/4.4.1/webdrivermanager-4.4.1.jar:/Users/ryan/.m2/repository/org/apache/httpcomponents/client5/httpclient5/5.0.3/httpclient5-5.0.3.jar:/Users/ryan/.m2/repository/org/apache/httpcomponents/core5/httpcore5/5.0.2/httpcore5-5.0.2.jar:/Users/ryan/.m2/repository/org/apache/httpcomponents/core5/httpcore5-h2/5.0.2/httpcore5-h2-5.0.2.jar:/Users/ryan/.m2/repository/org/rauschig/jarchivelib/1.1.0/jarchivelib-1.1.0.jar:/Users/ryan/.m2/repository/org/apache/commons/commons-compress/1.20/commons-compress-1.20.jar:/Users/ryan/.m2/repository/com/jhlabs/filters/2.0.235/filters-2.0.235.jar:/Users/ryan/.m2/repository/com/assertthat/selenium-shutterbug/1.4/selenium-shutterbug-1.4.jar:/Users/ryan/.m2/repository/org/projectlombok/lombok/1.18.8/lombok-1.18.8.jar:/Users/ryan/.m2/repository/com/github/zafarkhaja/java-semver/0.9.0/java-semver-0.9.0.jar:/Users/ryan/.m2/repository/ru/yandex/qatools/ashot/ashot/1.5.4/ashot-1.5.4.jar:/Users/ryan/.m2/repository/com/paulhammant/ngwebdriver/1.1.5/ngwebdriver-1.1.5.jar:/Users/ryan/.m2/repository/joda-time/joda-time/2.8.2/joda-time-2.8.2.jar:/Users/ryan/.m2/repository/org/hamcrest/hamcrest/2.2/hamcrest-2.2.jar:/Users/ryan/.m2/repository/com/google/jimfs/jimfs/1.1/jimfs-1.1.jar:/Users/ryan/.m2/repository/org/mockito/mockito-core/3.3.3/mockito-core-3.3.3.jar:/Users/ryan/.m2/repository/javax/xml/bind/jaxb-api/2.3.1/jaxb-api-2.3.1.jar:/Users/ryan/.m2/repository/javax/activation/javax.activation-api/1.2.0/javax.activation-api-1.2.0.jar:/Users/ryan/.m2/repository/com/sun/xml/bind/jaxb-core/2.3.0.1/jaxb-core-2.3.0.1.jar:/Users/ryan/.m2/repository/com/sun/xml/bind/jaxb-impl/2.3.3/jaxb-impl-2.3.3.jar:/Users/ryan/.m2/repository/jakarta/xml/bind/jakarta.xml.bind-api/2.3.3/jakarta.xml.bind-api-2.3.3.jar:/Users/ryan/.m2/repository/com/sun/activation/jakarta.activation/1.2.2/jakarta.activation-1.2.2.jar:/Users/ryan/.m2/repository/javax/activation/activation/1.1.1/activation-1.1.1.jar:/Users/ryan/.m2/repository/net/serenity-bdd/serenity-cucumber6/2.4.24/serenity-cucumber6-2.4.24.jar:/Users/ryan/.m2/repository/io/cucumber/cucumber-java/6.10.2/cucumber-java-6.10.2.jar:/Users/ryan/.m2/repository/io/cucumber/cucumber-junit/6.10.2/cucumber-junit-6.10.2.jar:/Users/ryan/.m2/repository/io/cucumber/datatable-matchers/3.4.0/datatable-matchers-3.4.0.jar:/Users/ryan/.m2/repository/io/cucumber/datatable/3.4.0/datatable-3.4.0.jar:/Users/ryan/.m2/repository/commons-logging/commons-logging/1.2/commons-logging-1.2.jar:/Users/ryan/.m2/repository/org/apache/commons/commons-csv/1.5/commons-csv-1.5.jar:/Users/ryan/.m2/repository/net/serenity-bdd/serenity-screenplay/2.4.24/serenity-screenplay-2.4.24.jar:/Users/ryan/.m2/repository/net/serenity-bdd/serenity-screenplay-webdriver/2.4.24/serenity-screenplay-webdriver-2.4.24.jar:/Users/ryan/.m2/repository/net/serenity-bdd/serenity-ensure/2.4.24/serenity-ensure-2.4.24.jar:/Users/ryan/.m2/repository/net/serenity-bdd/serenity-junit/2.4.24/serenity-junit-2.4.24.jar:/Users/ryan/.m2/repository/org/jetbrains/kotlin/kotlin-stdlib/1.4.31/kotlin-stdlib-1.4.31.jar:/Users/ryan/.m2/repository/org/jetbrains/kotlin/kotlin-stdlib-common/1.4.31/kotlin-stdlib-common-1.4.31.jar:/Users/ryan/.m2/repository/org/jetbrains/annotations/13.0/annotations-13.0.jar:/Users/ryan/.m2/repository/junit/junit/4.13.1/junit-4.13.1.jar:/Users/ryan/.m2/repository/org/hamcrest/hamcrest-core/1.3/hamcrest-core-1.3.jar:/Users/ryan/.m2/repository/ch/qos/logback/logback-classic/1.0.13/logback-classic-1.0.13.jar:/Users/ryan/.m2/repository/ch/qos/logback/logback-core/1.0.13/logback-core-1.0.13.jar:/Users/ryan/.m2/repository/org/slf4j/slf4j-api/1.7.5/slf4j-api-1.7.5.jar:/Users/ryan/.m2/repository/org/assertj/assertj-core/3.6.2/assertj-core-3.6.2.jar:/Users/ryan/.m2/repository/io/rest-assured/rest-assured/4.3.2/rest-assured-4.3.2.jar:/Users/ryan/.m2/repository/org/codehaus/groovy/groovy-xml/3.0.6/groovy-xml-3.0.6.jar:/Users/ryan/.m2/repository/org/apache/httpcomponents/httpclient/4.5.3/httpclient-4.5.3.jar:/Users/ryan/.m2/repository/org/apache/httpcomponents/httpmime/4.5.3/httpmime-4.5.3.jar:/Users/ryan/.m2/repository/org/ccil/cowan/tagsoup/tagsoup/1.2.1/tagsoup-1.2.1.jar:/Users/ryan/.m2/repository/io/rest-assured/json-path/4.3.2/json-path-4.3.2.jar:/Users/ryan/.m2/repository/io/rest-assured/rest-assured-common/4.3.2/rest-assured-common-4.3.2.jar:/Users/ryan/.m2/repository/io/rest-assured/xml-path/4.3.2/xml-path-4.3.2.jar:/Users/ryan/.m2/repository/net/serenity-bdd/serenity-rest-assured/2.4.34/serenity-rest-assured-2.4.34.jar:/Users/ryan/.m2/repository/org/codehaus/groovy/groovy-json/3.0.8/groovy-json-3.0.8.jar:/Users/ryan/.m2/repository/org/opentest4j/opentest4j/1.2.0/opentest4j-1.2.0.jar:/Users/ryan/.m2/repository/org/apache/jmeter/ApacheJMeter_java/5.4.1/ApacheJMeter_java-5.4.1.jar:/Users/ryan/.m2/repository/org/apache/jmeter/ApacheJMeter_core/5.4.1/ApacheJMeter_core-5.4.1.jar:/Users/ryan/.m2/repository/org/apache/jmeter/ApacheJMeter/5.4.1/ApacheJMeter-5.4.1.jar:/Users/ryan/.m2/repository/org/apache/jmeter/jorphan/5.4.1/jorphan-5.4.1.jar:/Users/ryan/.m2/repository/bsf/bsf/2.4.0/bsf-2.4.0.jar:/Users/ryan/.m2/repository/com/fifesoft/rsyntaxtextarea/3.1.1/rsyntaxtextarea-3.1.1.jar:/Users/ryan/.m2/repository/net/sf/jtidy/jtidy/r938/jtidy-r938.jar:/Users/ryan/.m2/repository/com/thoughtworks/xstream/xstream/1.4.15/xstream-1.4.15.jar:/Users/ryan/.m2/repository/xmlpull/xmlpull/1.1.3.1/xmlpull-1.1.3.1.jar:/Users/ryan/.m2/repository/xpp3/xpp3_min/1.1.4c/xpp3_min-1.1.4c.jar:/Users/ryan/.m2/repository/org/apache/logging/log4j/log4j-1.2-api/2.13.3/log4j-1.2-api-2.13.3.jar:/Users/ryan/.m2/repository/org/apache/logging/log4j/log4j-api/2.13.3/log4j-api-2.13.3.jar:/Users/ryan/.m2/repository/org/apache/logging/log4j/log4j-core/2.13.3/log4j-core-2.13.3.jar:/Users/ryan/.m2/repository/org/apache/logging/log4j/log4j-slf4j-impl/2.13.3/log4j-slf4j-impl-2.13.3.jar:/Users/ryan/.m2/repository/org/apiguardian/apiguardian-api/1.1.0/apiguardian-api-1.1.0.jar:/Users/ryan/.m2/repository/oro/oro/2.0.8/oro-2.0.8.jar:/Users/ryan/.m2/repository/xalan/xalan/2.7.2/xalan-2.7.2.jar:/Users/ryan/.m2/repository/xalan/serializer/2.7.2/serializer-2.7.2.jar:/Users/ryan/.m2/repository/net/sf/saxon/Saxon-HE/9.9.1-8/Saxon-HE-9.9.1-8.jar:/Users/ryan/.m2/repository/com/fasterxml/jackson/core/jackson-annotations/2.10.5/jackson-annotations-2.10.5.jar:/Users/ryan/.m2/repository/com/fasterxml/jackson/core/jackson-core/2.10.5/jackson-core-2.10.5.jar:/Users/ryan/.m2/repository/com/fasterxml/jackson/core/jackson-databind/2.10.5/jackson-databind-2.10.5.jar:/Users/ryan/.m2/repository/com/formdev/svgSalamander/1.1.2.3/svgSalamander-1.1.2.3.jar:/Users/ryan/.m2/repository/com/github/ben-manes/caffeine/caffeine/2.8.8/caffeine-2.8.8.jar:/Users/ryan/.m2/repository/org/checkerframework/checker-qual/3.8.0/checker-qual-3.8.0.jar:/Users/ryan/.m2/repository/com/google/errorprone/error_prone_annotations/2.4.0/error_prone_annotations-2.4.0.jar:/Users/ryan/.m2/repository/com/github/weisj/darklaf-core/2.5.4/darklaf-core-2.5.4.jar:/Users/ryan/.m2/repository/com/github/weisj/darklaf-utils/2.5.4/darklaf-utils-2.5.4.jar:/Users/ryan/.m2/repository/com/github/weisj/darklaf-native-utils/2.5.4/darklaf-native-utils-2.5.4.jar:/Users/ryan/.m2/repository/com/github/weisj/darklaf-platform-base/2.5.4/darklaf-platform-base-2.5.4.jar:/Users/ryan/.m2/repository/com/github/weisj/darklaf-windows/2.5.4/darklaf-windows-2.5.4.jar:/Users/ryan/.m2/repository/net/java/dev/jna/jna/5.5.0/jna-5.5.0.jar:/Users/ryan/.m2/repository/com/github/weisj/darklaf-macos/2.5.4/darklaf-macos-2.5.4.jar:/Users/ryan/.m2/repository/org/swinglabs/jxlayer/3.0.4/jxlayer-3.0.4.jar:/Users/ryan/.m2/repository/com/github/weisj/darklaf-theme/2.5.4/darklaf-theme-2.5.4.jar:/Users/ryan/.m2/repository/com/github/weisj/darklaf-property-loader/2.5.4/darklaf-property-loader-2.5.4.jar:/Users/ryan/.m2/repository/com/github/weisj/darklaf-extensions-rsyntaxarea/0.3.4/darklaf-extensions-rsyntaxarea-0.3.4.jar:/Users/ryan/.m2/repository/com/miglayout/miglayout-swing/5.2/miglayout-swing-5.2.jar:/Users/ryan/.m2/repository/com/miglayout/miglayout-core/5.2/miglayout-core-5.2.jar:/Users/ryan/.m2/repository/org/apache/commons/commons-collections4/4.4/commons-collections4-4.4.jar:/Users/ryan/.m2/repository/org/apache/commons/commons-math3/3.6.1/commons-math3-3.6.1.jar:/Users/ryan/.m2/repository/org/apache/commons/commons-text/1.9/commons-text-1.9.jar:/Users/ryan/.m2/repository/org/apache/tika/tika-core/1.24.1/tika-core-1.24.1.jar:/Users/ryan/.m2/repository/org/apache/xmlgraphics/xmlgraphics-commons/2.3/xmlgraphics-commons-2.3.jar:/Users/ryan/.m2/repository/org/freemarker/freemarker/2.3.30/freemarker-2.3.30.jar:/Users/ryan/.m2/repository/org/jodd/jodd-core/5.0.13/jodd-core-5.0.13.jar:/Users/ryan/.m2/repository/org/jodd/jodd-props/5.0.13/jodd-props-5.0.13.jar:/Users/ryan/.m2/repository/org/mozilla/rhino/1.7.13/rhino-1.7.13.jar:/Users/ryan/.m2/repository/org/slf4j/jcl-over-slf4j/1.7.30/jcl-over-slf4j-1.7.30.jar:/Users/ryan/.m2/repository/org/codehaus/groovy/groovy-dateutil/3.0.7/groovy-dateutil-3.0.7.jar:/Users/ryan/.m2/repository/org/codehaus/groovy/groovy-datetime/3.0.7/groovy-datetime-3.0.7.jar:/Users/ryan/.m2/repository/org/codehaus/groovy/groovy-jmx/3.0.7/groovy-jmx-3.0.7.jar:/Users/ryan/.m2/repository/org/codehaus/groovy/groovy-jsr223/3.0.7/groovy-jsr223-3.0.7.jar:/Users/ryan/.m2/repository/org/codehaus/groovy/groovy-sql/3.0.7/groovy-sql-3.0.7.jar:/Users/ryan/.m2/repository/org/codehaus/groovy/groovy-templates/3.0.7/groovy-templates-3.0.7.jar:/Users/ryan/.m2/repository/org/apache/tika/tika-parsers/1.24.1/tika-parsers-1.24.1.jar:/Users/ryan/.m2/repository/xerces/xercesImpl/2.12.0/xercesImpl-2.12.0.jar:/Users/ryan/.m2/repository/xml-apis/xml-apis/1.4.01/xml-apis-1.4.01.jar:/Users/ryan/.m2/repository/org/apache/jmeter/ApacheJMeter_http/5.4.1/ApacheJMeter_http-5.4.1.jar:/Users/ryan/.m2/repository/org/apache/jmeter/ApacheJMeter_components/5.4.1/ApacheJMeter_components-5.4.1.jar:/Users/ryan/.m2/repository/org/apache-extras/beanshell/bsh/2.0b6/bsh-2.0b6.jar:/Users/ryan/.m2/repository/javax/mail/mail/1.5.0-b01/mail-1.5.0-b01.jar:/Users/ryan/.m2/repository/io/burt/jmespath-core/0.5.0/jmespath-core-0.5.0.jar:/Users/ryan/.m2/repository/io/burt/jmespath-jackson/0.5.0/jmespath-jackson-0.5.0.jar:/Users/ryan/.m2/repository/jcharts/jcharts/0.7.5/jcharts-0.7.5.jar:/Users/ryan/.m2/repository/net/minidev/json-smart/2.3/json-smart-2.3.jar:/Users/ryan/.m2/repository/net/minidev/accessors-smart/1.2/accessors-smart-1.2.jar:/Users/ryan/.m2/repository/org/apache/commons/commons-pool2/2.9.0/commons-pool2-2.9.0.jar:/Users/ryan/.m2/repository/org/ow2/asm/asm/9.0/asm-9.0.jar:/Users/ryan/.m2/repository/org/jodd/jodd-log/5.0.13/jodd-log-5.0.13.jar:/Users/ryan/.m2/repository/com/jayway/jsonpath/json-path/2.4.0/json-path-2.4.0.jar:/Users/ryan/.m2/repository/org/apache/httpcomponents/httpasyncclient/4.1.4/httpasyncclient-4.1.4.jar:/Users/ryan/.m2/repository/org/apache/httpcomponents/httpcore-nio/4.4.13/httpcore-nio-4.4.13.jar:/Users/ryan/.m2/repository/com/sun/activation/javax.activation/1.2.0/javax.activation-1.2.0.jar:/Users/ryan/.m2/repository/org/jodd/jodd-lagarto/5.0.13/jodd-lagarto-5.0.13.jar:/Users/ryan/.m2/repository/org/jsoup/jsoup/1.13.1/jsoup-1.13.1.jar:/Users/ryan/.m2/repository/commons-net/commons-net/3.7.2/commons-net-3.7.2.jar:/Users/ryan/.m2/repository/com/helger/ph-commons/9.5.1/ph-commons-9.5.1.jar:/Users/ryan/.m2/repository/com/helger/ph-css/6.2.3/ph-css-6.2.3.jar:/Users/ryan/.m2/repository/dnsjava/dnsjava/2.1.9/dnsjava-2.1.9.jar:/Users/ryan/.m2/repository/org/apache/httpcomponents/httpcore/4.4.13/httpcore-4.4.13.jar:/Users/ryan/.m2/repository/org/brotli/dec/0.1.2/dec-0.1.2.jar:/Users/ryan/.m2/repository/org/apache/maven/surefire/surefire-junit47/3.0.0-M5/surefire-junit47-3.0.0-M5.jar:/Users/ryan/.m2/repository/org/apache/maven/surefire/common-java5/3.0.0-M5/common-java5-3.0.0-M5.jar:/Users/ryan/.m2/repository/org/apache/maven/surefire/common-junit3/3.0.0-M5/common-junit3-3.0.0-M5.jar:/Users/ryan/.m2/repository/org/apache/maven/surefire/common-junit4/3.0.0-M5/common-junit4-3.0.0-M5.jar:/Users/ryan/.m2/repository/org/apache/maven/surefire/common-junit48/3.0.0-M5/common-junit48-3.0.0-M5.jar:/Users/ryan/.m2/repository/org/apache/maven/surefire/surefire-grouper/3.0.0-M5/surefire-grouper-3.0.0-M5.jar"/>
    <property name="sun.management.compiler" value="HotSpot 64-Bit Tiered Compilers"/>
    <property name="ftp.nonProxyHosts" value="local|*.local|169.254/16|*.169.254/16"/>
    <property name="java.runtime.version" value="11.0.10+9"/>
    <property name="user.name" value="ryan"/>
    <property name="path.separator" value=":"/>
    <property name="os.version" value="10.16"/>
    <property name="java.runtime.name" value="OpenJDK Runtime Environment"/>
    <property name="file.encoding" value="UTF-8"/>
    <property name="webdriver.base.url" value=""/>
    <property name="java.vm.name" value="OpenJDK 64-Bit Server VM"/>
    <property name="java.vendor.version" value="AdoptOpenJDK"/>
    <property name="localRepository" value="/Users/ryan/.m2/repository"/>
    <property name="java.vendor.url.bug" value="https://github.com/AdoptOpenJDK/openjdk-support/issues"/>
    <property name="java.io.tmpdir" value="/var/folders/7b/531dpbns4tz_qyd_wndwt4mc0000gn/T/"/>
    <property name="java.version" value="11.0.10"/>
    <property name="cucumber.filter.tags" value="@Jmeter"/>
    <property name="user.dir" value="/Users/ryan/Projects/jmetertest11"/>
    <property name="os.arch" value="x86_64"/>
    <property name="java.vm.specification.name" value="Java Virtual Machine Specification"/>
    <property name="java.awt.printerjob" value="sun.lwawt.macosx.CPrinterJob"/>
    <property name="sun.os.patch.level" value="unknown"/>
    <property name="environment" value="default"/>
    <property name="java.library.path" value="/Users/ryan/Library/Java/Extensions:/Library/Java/Extensions:/Network/Library/Java/Extensions:/System/Library/Java/Extensions:/usr/lib/java:."/>
    <property name="java.vm.info" value="mixed mode"/>
    <property name="java.vendor" value="AdoptOpenJDK"/>
    <property name="java.vm.version" value="11.0.10+9"/>
    <property name="sun.io.unicode.encoding" value="UnicodeBig"/>
    <property name="java.class.version" value="55.0"/>
    <property name="socksNonProxyHosts" value="local|*.local|169.254/16|*.169.254/16"/>
  </properties>
  <testcase name="Performance testing using a preconfigured JMX file" classname="Run a simple performance test using a give JMX file" time="4.159">
    <system-out><![CDATA[SLF4J: Class path contains multiple SLF4J bindings.
SLF4J: Found binding in [jar:file:/Users/ryan/.m2/repository/ch/qos/logback/logback-classic/1.0.13/logback-classic-1.0.13.jar!/org/slf4j/impl/StaticLoggerBinder.class]
SLF4J: Found binding in [jar:file:/Users/ryan/.m2/repository/org/apache/logging/log4j/log4j-slf4j-impl/2.13.3/log4j-slf4j-impl-2.13.3.jar!/org/slf4j/impl/StaticLoggerBinder.class]
SLF4J: See http://www.slf4j.org/codes.html#multiple_bindings for an explanation.
SLF4J: Actual binding is of type [ch.qos.logback.classic.util.ContextSelectorStaticBinder]
10:47:37.239 [main] INFO  i.c.core.plugin.SerenityReporter - Running feature from file:///Users/ryan/Projects/jmetertest11/src/test/resources/features/API/ApiTesting.feature

10:47:37.375 [main] INFO   - 

-------------------------------------------------------------------------------------
     _______. _______ .______       _______ .__   __.  __  .___________.____    ____ 
    /       ||   ____||   _  \     |   ____||  \ |  | |  | |           |\   \  /   / 
   |   (----`|  |__   |  |_)  |    |  |__   |   \|  | |  | `---|  |----` \   \/   /  
    \   \    |   __|  |      /     |   __|  |  . `  | |  |     |  |       \_    _/   
.----)   |   |  |____ |  |\  \----.|  |____ |  |\   | |  |     |  |         |  |     
|_______/    |_______|| _| `._____||_______||__| \__| |__|     |__|         |__|    
                                                                                     
 News and tutorials at http://www.serenity-bdd.info                                  
 Documentation at https://wakaleo.gitbooks.io/the-serenity-book/content/             
 Join the Serenity Community on Gitter: https://gitter.im/serenity-bdd/serenity-core 
 Serenity BDD Support and Training at http://serenity-bdd.info/#/trainingandsupport  
-------------------------------------------------------------------------------------


10:47:37.379 [main] INFO   - Test Suite Started: Automated API Test using restassured

10:47:37.389 [main] INFO  i.c.core.plugin.SerenityReporter - Running feature from file:///Users/ryan/Projects/jmetertest11/src/test/resources/features/Jmeter/JmeterPerformanceTest.feature

10:47:37.394 [main] INFO   - Test Suite Started: Run a simple performance test using a give JMX file

10:47:37.394 [main] INFO  i.c.core.plugin.SerenityReporter - Running feature from file:///Users/ryan/Projects/jmetertest11/src/test/resources/features/UI/duckduckgo.feature

10:47:37.398 [main] INFO   - Test Suite Started: Duckduckgo automated test



1
 Scenarios (
&amp#27;[32m1 passed&amp#27;[0m
)


2
 Steps (
&amp#27;[32m2 passed&amp#27;[0m
)


0m
4.330s






10:47:41.576 [pool-3-thread-1] INFO  n.t.core.reports.ReportService - net.thucydides.core.reports.json.JSONTestOutcomeReporter@a33b4e3: Generating report for test outcome: Run a simple performance test using a give JMX file:Performance testing using a preconfigured JMX file

10:47:41.607 [pool-4-thread-1] INFO  n.t.core.reports.ReportService - net.thucydides.core.reports.html.HtmlAcceptanceTestReporter@46d567cb: Generating report for test outcome: Run a simple performance test using a give JMX file:Performance testing using a preconfigured JMX file

10:47:42.566 [main] INFO  i.c.core.plugin.SerenityReporter - Cleanup test resources for URI file:///Users/ryan/Projects/jmetertest11/src/test/resources/features/Jmeter/JmeterPerformanceTest.feature


@Jmeter @Performance
Scenario: Performance testing using a preconfigured JMX file             &amp#27;[90m# src/test/resources/features/Jmeter/JmeterPerformanceTest.feature:4&amp#27;[0m
10:47:37.669 [pool-2-thread-1] INFO  i.c.core.plugin.SerenityReporter - Running feature from file:///Users/ryan/Projects/jmetertest11/src/test/resources/features/Jmeter/JmeterPerformanceTest.feature
10:47:37.744 [pool-2-thread-1] INFO   - 
  _____   ___   ___   _____     ___   _____     _     ___   _____   ___   ___  
 |_   _| | __| / __| |_   _|   / __| |_   _|   /_\   | _ \ |_   _| | __| |   \ 
   | |   | _|  \__ \   | |     \__ \   | |    / _ \  |   /   | |   | _|  | |) |
   |_|   |___| |___/   |_|     |___/   |_|   /_/ \_\ |_|_\   |_|   |___| |___/ 

Performance testing using a preconfigured JMX file(run-a-simple-performance-test-using-a-give-jmx-file;performance-testing-using-a-preconfigured-jmx-file)
--------------------------------------------------------------------------------
  &amp#27;[32mWhen &amp#27;[0m&amp#27;[32mthe following volumetrics are used for the JMX file: "&amp#27;[0m&amp#27;[32m&amp#27;[1msample.jmx&amp#27;[0m&amp#27;[32m"&amp#27;[0m &amp#27;[90m# Jmeter.stepdefinitions.JmeterSteps.useVolumetrics(java.lang.String,io.cucumber.datatable.DataTable)&amp#27;[0m
10:47:38.009 [pool-2-thread-1] WARN  org.apache.jmeter.util.JMeterUtils - Exception 'null' occurred when fetching boolean property:'server.exitaftertest', defaulting to: false
10:47:38.009 [pool-2-thread-1] WARN  org.apache.jmeter.util.JMeterUtils - Exception 'null' occurred when fetching boolean property:'jmeterengine.remote.system.exit', defaulting to: false
10:47:38.009 [pool-2-thread-1] WARN  org.apache.jmeter.util.JMeterUtils - Exception 'null' occurred when fetching boolean property:'jmeterengine.stopfail.system.exit', defaulting to: true
10:47:38.009 [pool-2-thread-1] WARN  org.apache.jmeter.util.JMeterUtils - Exception 'null' occurred when fetching boolean property:'jmeterengine.force.system.exit', defaulting to: false
10:47:38.010 [pool-2-thread-1] INFO  org.apache.jmeter.util.JMeterUtils - Setting Locale to en_GB
10:47:38.226 [pool-2-thread-1] INFO  org.apache.jmeter.save.SaveService - Testplan (JMX) version: 2.2. Testlog (JTL) version: 2.2
10:47:38.240 [pool-2-thread-1] INFO  org.apache.jmeter.save.SaveService - Using SaveService properties version 3.2
10:47:38.243 [pool-2-thread-1] INFO  org.apache.jmeter.save.SaveService - Using SaveService properties file encoding UTF-8
10:47:38.247 [pool-2-thread-1] WARN  org.apache.jmeter.save.SaveService - Bad _version - expected 5.0, found 3.2.
10:47:38.248 [pool-2-thread-1] INFO  org.apache.jmeter.save.SaveService - Loading file: src/test/java/jmeter/jmx/sample.jmx
10:47:38.286 [pool-2-thread-1] INFO  o.a.j.p.http.sampler.HTTPSamplerBase - Parser for text/html is org.apache.jmeter.protocol.http.parser.LagartoBasedHtmlParser
10:47:38.286 [pool-2-thread-1] INFO  o.a.j.p.http.sampler.HTTPSamplerBase - Parser for application/xhtml+xml is org.apache.jmeter.protocol.http.parser.LagartoBasedHtmlParser
10:47:38.286 [pool-2-thread-1] INFO  o.a.j.p.http.sampler.HTTPSamplerBase - Parser for application/xml is org.apache.jmeter.protocol.http.parser.LagartoBasedHtmlParser
10:47:38.286 [pool-2-thread-1] INFO  o.a.j.p.http.sampler.HTTPSamplerBase - Parser for text/xml is org.apache.jmeter.protocol.http.parser.LagartoBasedHtmlParser
10:47:38.286 [pool-2-thread-1] INFO  o.a.j.p.http.sampler.HTTPSamplerBase - Parser for text/vnd.wap.wml is org.apache.jmeter.protocol.http.parser.RegexpHTMLParser
10:47:38.286 [pool-2-thread-1] INFO  o.a.j.p.http.sampler.HTTPSamplerBase - Parser for text/css is org.apache.jmeter.protocol.http.parser.CssParser
10:47:38.299 [pool-2-thread-1] INFO  o.a.j.engine.StandardJMeterEngine - Running the test!
10:47:38.313 [pool-2-thread-1] INFO  o.apache.jmeter.samplers.SampleEvent - List of sample_variables: []
10:47:38.313 [pool-2-thread-1] INFO  o.apache.jmeter.samplers.SampleEvent - List of sample_variables: []
10:47:38.318 [pool-2-thread-1] INFO  o.a.j.engine.util.CompoundVariable - Note: Function class names must contain the string: '.functions.'
10:47:38.318 [pool-2-thread-1] INFO  o.a.j.engine.util.CompoundVariable - Note: Function class names must not contain the string: '.gui.'
10:47:38.319 [pool-2-thread-1] WARN  o.a.j.engine.util.CompoundVariable - Did not find any functions
10:47:38.323 [pool-2-thread-1] INFO  o.apache.jmeter.services.FileServer - Default base='/Users/ryan/Projects/jmetertest11'
10:47:38.351 [pool-2-thread-1] INFO  o.a.j.engine.StandardJMeterEngine - Starting ThreadGroup: 1 : Thread Group
10:47:38.351 [pool-2-thread-1] INFO  o.a.j.engine.StandardJMeterEngine - Starting 10 threads for group Thread Group.
10:47:38.351 [pool-2-thread-1] INFO  o.a.j.engine.StandardJMeterEngine - Thread will continue on error
10:47:38.351 [pool-2-thread-1] INFO  o.apache.jmeter.threads.ThreadGroup - Starting thread group... number=1 threads=10 ramp-up=1 delayedStart=false
10:47:38.363 [pool-2-thread-1] INFO  o.apache.jmeter.threads.ThreadGroup - Started thread group number 1
10:47:38.363 [pool-2-thread-1] INFO  o.a.j.engine.StandardJMeterEngine - All thread groups have been started
10:47:38.364 [Thread Group 1-1] INFO  o.apache.jmeter.threads.JMeterThread - Thread started: Thread Group 1-1
10:47:38.463 [Thread Group 1-2] INFO  o.apache.jmeter.threads.JMeterThread - Thread started: Thread Group 1-2
10:47:38.562 [Thread Group 1-3] INFO  o.apache.jmeter.threads.JMeterThread - Thread started: Thread Group 1-3
10:47:38.660 [Thread Group 1-4] INFO  o.apache.jmeter.threads.JMeterThread - Thread started: Thread Group 1-4
10:47:38.755 [Thread Group 1-5] INFO  o.apache.jmeter.threads.JMeterThread - Thread started: Thread Group 1-5
10:47:38.860 [Thread Group 1-6] INFO  o.apache.jmeter.threads.JMeterThread - Thread started: Thread Group 1-6
10:47:38.903 [Thread Group 1-1] INFO  o.a.j.p.h.sampler.HTTPHCAbstractImpl - Local host = Ryans-MacBook-Pro.local
10:47:38.911 [Thread Group 1-1] INFO  o.a.j.p.http.sampler.HTTPHC4Impl - HTTP request retry count = 0
10:47:38.913 [Thread Group 1-1] INFO  o.a.jmeter.samplers.SampleResult - Note: Sample TimeStamps are START times
10:47:38.913 [Thread Group 1-1] INFO  o.a.jmeter.samplers.SampleResult - sampleresult.default.encoding is set to ISO-8859-1
10:47:38.913 [Thread Group 1-1] INFO  o.a.jmeter.samplers.SampleResult - sampleresult.useNanoTime=true
10:47:38.913 [Thread Group 1-1] INFO  o.a.jmeter.samplers.SampleResult - sampleresult.nanoThreadSleep=5000
10:47:38.955 [Thread Group 1-7] INFO  o.apache.jmeter.threads.JMeterThread - Thread started: Thread Group 1-7
10:47:39.032 [Thread Group 1-1] INFO  o.a.j.p.h.s.h.LazyLayeredConnectionSocketFactory - Setting up HTTPS TrustAll Socket Factory
10:47:39.037 [Thread Group 1-1] INFO  o.apache.jmeter.util.JsseSSLManager - Using default SSL protocol: SSLv3
10:47:39.037 [Thread Group 1-1] INFO  o.apache.jmeter.util.JsseSSLManager - SSL session context: per-thread
10:47:39.058 [Thread Group 1-8] INFO  o.apache.jmeter.threads.JMeterThread - Thread started: Thread Group 1-8
10:47:39.123 [Thread Group 1-1] INFO  org.apache.jmeter.util.SSLManager - JmeterKeyStore Location:  type JKS
10:47:39.125 [Thread Group 1-1] INFO  org.apache.jmeter.util.SSLManager - KeyStore created OK
10:47:39.125 [Thread Group 1-1] WARN  org.apache.jmeter.util.SSLManager - Keystore file not found, loading empty keystore
10:47:39.153 [Thread Group 1-9] INFO  o.apache.jmeter.threads.JMeterThread - Thread started: Thread Group 1-9
10:47:39.256 [Thread Group 1-10] INFO  o.apache.jmeter.threads.JMeterThread - Thread started: Thread Group 1-10
10:47:40.283 [Thread Group 1-2] INFO  o.apache.jmeter.threads.JMeterThread - Thread is done: Thread Group 1-2
10:47:40.284 [Thread Group 1-2] INFO  o.apache.jmeter.threads.JMeterThread - Thread finished: Thread Group 1-2
10:47:40.338 [Thread Group 1-1] INFO  o.apache.jmeter.threads.JMeterThread - Thread is done: Thread Group 1-1
10:47:40.339 [Thread Group 1-1] INFO  o.apache.jmeter.threads.JMeterThread - Thread finished: Thread Group 1-1
10:47:40.364 [Thread Group 1-3] INFO  o.apache.jmeter.threads.JMeterThread - Thread is done: Thread Group 1-3
10:47:40.364 [Thread Group 1-3] INFO  o.apache.jmeter.threads.JMeterThread - Thread finished: Thread Group 1-3
10:47:40.397 [Thread Group 1-4] INFO  o.apache.jmeter.threads.JMeterThread - Thread is done: Thread Group 1-4
10:47:40.397 [Thread Group 1-4] INFO  o.apache.jmeter.threads.JMeterThread - Thread finished: Thread Group 1-4
10:47:40.398 [Thread Group 1-5] INFO  o.apache.jmeter.threads.JMeterThread - Thread is done: Thread Group 1-5
10:47:40.398 [Thread Group 1-5] INFO  o.apache.jmeter.threads.JMeterThread - Thread finished: Thread Group 1-5
10:47:40.447 [Thread Group 1-8] INFO  o.apache.jmeter.threads.JMeterThread - Thread is done: Thread Group 1-8
10:47:40.447 [Thread Group 1-8] INFO  o.apache.jmeter.threads.JMeterThread - Thread finished: Thread Group 1-8
10:47:40.448 [Thread Group 1-7] INFO  o.apache.jmeter.threads.JMeterThread - Thread is done: Thread Group 1-7
10:47:40.448 [Thread Group 1-7] INFO  o.apache.jmeter.threads.JMeterThread - Thread finished: Thread Group 1-7
10:47:40.515 [Thread Group 1-9] INFO  o.apache.jmeter.threads.JMeterThread - Thread is done: Thread Group 1-9
10:47:40.515 [Thread Group 1-9] INFO  o.apache.jmeter.threads.JMeterThread - Thread finished: Thread Group 1-9
10:47:40.584 [Thread Group 1-10] INFO  o.apache.jmeter.threads.JMeterThread - Thread is done: Thread Group 1-10
10:47:40.585 [Thread Group 1-10] INFO  o.apache.jmeter.threads.JMeterThread - Thread finished: Thread Group 1-10
10:47:40.674 [Thread Group 1-6] INFO  o.apache.jmeter.threads.JMeterThread - Thread is done: Thread Group 1-6
10:47:40.674 [Thread Group 1-6] INFO  o.apache.jmeter.threads.JMeterThread - Thread finished: Thread Group 1-6
10:47:40.674 [pool-2-thread-1] INFO  o.a.j.engine.StandardJMeterEngine - Notifying test listeners of end of test
10:47:40.675 [pool-2-thread-1] INFO  o.apache.jmeter.reporters.Summariser - summary =     20 in 00:00:02 =    8.5/s Avg:   306 Min:   117 Max:   607 Err:     0 (0.00%)
summary =     20 in 00:00:02 =    8.5/s Avg:   306 Min:   117 Max:   607 Err:     0 (0.00%)
10:47:40.686 [pool-2-thread-1] INFO  o.a.j.r.dashboard.ReportGenerator - ReportGenerator will use for Parsing the separator: ','
10:47:40.686 [pool-2-thread-1] INFO  o.a.j.r.dashboard.ReportGenerator - Will only generate report from results file: src/test/resources/jmeter/outputs/2021-07-20T10:47:37.994974/result.jtl
10:47:40.686 [pool-2-thread-1] INFO  o.a.j.r.dashboard.ReportGenerator - Reading report generator properties from: /Users/ryan/Projects/jmetertest11/src/test/resources/jmeter/bin/reportgenerator.properties
10:47:40.687 [pool-2-thread-1] INFO  o.a.j.r.dashboard.ReportGenerator - Merging with JMeter properties
10:47:40.691 [pool-2-thread-1] INFO  o.a.j.r.c.ReportGeneratorConfiguration - Property 'jmeter.reportgenerator.temp_dir' not found, using default value 'temp' instead.
10:47:40.693 [pool-2-thread-1] INFO  o.a.j.r.c.ReportGeneratorConfiguration - Property 'jmeter.reportgenerator.apdex_per_transaction' not found, using default value 'null' instead.
10:47:40.693 [pool-2-thread-1] INFO  o.a.j.r.c.ReportGeneratorConfiguration - apdex_per_transaction is empty, not APDEX per transaction customization
10:47:40.693 [pool-2-thread-1] INFO  o.a.j.r.c.ReportGeneratorConfiguration - Property 'jmeter.reportgenerator.sample_filter' not found, using default value 'null' instead.
10:47:40.693 [pool-2-thread-1] INFO  o.a.j.r.c.ReportGeneratorConfiguration - Property 'jmeter.reportgenerator.report_title' not found, using default value 'null' instead.
10:47:40.693 [pool-2-thread-1] INFO  o.a.j.r.c.ReportGeneratorConfiguration - Property 'jmeter.reportgenerator.start_date' not found, using default value 'null' instead.
10:47:40.693 [pool-2-thread-1] INFO  o.a.j.r.c.ReportGeneratorConfiguration - Property 'jmeter.reportgenerator.end_date' not found, using default value 'null' instead.
10:47:40.693 [pool-2-thread-1] INFO  o.a.j.r.c.ReportGeneratorConfiguration - Property 'jmeter.reportgenerator.date_format' not found, using default value 'null' instead.
10:47:40.695 [pool-2-thread-1] INFO  o.a.j.r.c.ReportGeneratorConfiguration - Will use date range start date: null, end date: null
10:47:40.699 [pool-2-thread-1] INFO  o.a.j.r.c.ReportGeneratorConfiguration - Property 'jmeter.reportgenerator.graph.activeThreadsOverTime.exclude_controllers' not found, using default value 'false' instead.
10:47:40.699 [pool-2-thread-1] INFO  o.a.j.r.c.ReportGeneratorConfiguration - Property 'jmeter.reportgenerator.graph.timeVsThreads.exclude_controllers' not found, using default value 'false' instead.
10:47:40.699 [pool-2-thread-1] INFO  o.a.j.r.c.ReportGeneratorConfiguration - Property 'jmeter.reportgenerator.graph.responseTimeDistribution.exclude_controllers' not found, using default value 'false' instead.
10:47:40.699 [pool-2-thread-1] INFO  o.a.j.r.c.ReportGeneratorConfiguration - Property 'jmeter.reportgenerator.graph.transactionsPerSecond.exclude_controllers' not found, using default value 'false' instead.
10:47:40.699 [pool-2-thread-1] INFO  o.a.j.r.c.ReportGeneratorConfiguration - Property 'jmeter.reportgenerator.graph.responseTimePercentiles.exclude_controllers' not found, using default value 'false' instead.
10:47:40.699 [pool-2-thread-1] INFO  o.a.j.r.c.ReportGeneratorConfiguration - Property 'jmeter.reportgenerator.graph.responseTimePercentilesOverTime.exclude_controllers' not found, using default value 'false' instead.
10:47:40.699 [pool-2-thread-1] INFO  o.a.j.r.c.ReportGeneratorConfiguration - Property 'jmeter.reportgenerator.graph.responseTimesOverTime.exclude_controllers' not found, using default value 'false' instead.
10:47:40.699 [pool-2-thread-1] INFO  o.a.j.r.c.ReportGeneratorConfiguration - Property 'jmeter.reportgenerator.graph.connectTimeOverTime.exclude_controllers' not found, using default value 'false' instead.
10:47:40.700 [pool-2-thread-1] INFO  o.a.j.r.c.ReportGeneratorConfiguration - Property 'jmeter.reportgenerator.graph.latenciesOverTime.exclude_controllers' not found, using default value 'false' instead.
10:47:40.700 [pool-2-thread-1] INFO  o.a.j.r.c.ReportGeneratorConfiguration - Property 'jmeter.reportgenerator.exporter.html.filters_only_sample_series' not found, using default value 'true' instead.
10:47:40.700 [pool-2-thread-1] INFO  o.a.j.r.c.ReportGeneratorConfiguration - Property 'jmeter.reportgenerator.exporter.html.series_filter' not found, using default value '' instead.
10:47:40.700 [pool-2-thread-1] INFO  o.a.j.r.c.ReportGeneratorConfiguration - Property 'jmeter.reportgenerator.exporter.html.show_controllers_only' not found, using default value 'false' instead.
10:47:40.708 [pool-2-thread-1] INFO  o.a.j.r.p.NormalizerSampleConsumer - Using format, 'ms', to parse timeStamp field
10:47:40.783 [pool-2-thread-1] INFO  o.a.j.r.p.AbstractSampleConsumer - class org.apache.jmeter.report.processor.AggregateConsumer#stopProducing(): beginDate produced 0 samples
10:47:40.783 [pool-2-thread-1] INFO  o.a.j.r.p.AbstractSampleConsumer - class org.apache.jmeter.report.processor.AggregateConsumer#stopProducing(): endDate produced 0 samples
10:47:40.785 [pool-2-thread-1] INFO  o.a.j.r.p.AbstractSampleConsumer - class org.apache.jmeter.report.processor.ApdexSummaryConsumer#stopProducing(): apdexSummary produced 0 samples
10:47:40.785 [pool-2-thread-1] INFO  o.a.j.r.p.AbstractSampleConsumer - class org.apache.jmeter.report.processor.RequestsSummaryConsumer#stopProducing(): requestsSummary produced 0 samples
10:47:40.789 [pool-2-thread-1] INFO  o.a.j.r.p.AbstractSampleConsumer - class org.apache.jmeter.report.processor.StatisticsSummaryConsumer#stopProducing(): statisticsSummary produced 0 samples
10:47:40.791 [pool-2-thread-1] INFO  o.a.j.r.p.AbstractSampleConsumer - class org.apache.jmeter.report.processor.Top5ErrorsBySamplerConsumer#stopProducing(): top5ErrorsBySampler produced 0 samples
10:47:40.791 [pool-2-thread-1] INFO  o.a.j.r.p.AbstractSampleConsumer - class org.apache.jmeter.report.processor.ErrorsSummaryConsumer#stopProducing(): errorsSummary produced 0 samples
10:47:40.791 [pool-2-thread-1] INFO  o.a.j.r.p.AbstractSampleConsumer - class org.apache.jmeter.report.processor.graph.impl.HitsPerSecondGraphConsumer#stopProducing(): hitsPerSecond produced 0 samples
10:47:40.796 [pool-2-thread-1] INFO  o.a.j.r.p.AbstractSampleConsumer - class org.apache.jmeter.report.processor.graph.impl.LatencyVSRequestGraphConsumer#stopProducing(): latencyVsRequest produced 0 samples
10:47:40.796 [pool-2-thread-1] INFO  o.a.j.r.p.AbstractSampleConsumer - class org.apache.jmeter.report.processor.graph.impl.SyntheticResponseTimeDistributionGraphConsumer#stopProducing(): syntheticResponseTimeDistribution produced 0 samples
10:47:40.797 [pool-2-thread-1] INFO  o.a.j.r.p.AbstractSampleConsumer - class org.apache.jmeter.report.processor.graph.impl.BytesThroughputGraphConsumer#stopProducing(): bytesThroughputOverTime produced 0 samples
10:47:40.797 [pool-2-thread-1] INFO  o.a.j.r.p.AbstractSampleConsumer - class org.apache.jmeter.report.processor.graph.impl.CodesPerSecondGraphConsumer#stopProducing(): codesPerSecond produced 0 samples
10:47:40.801 [pool-2-thread-1] INFO  o.a.j.r.p.AbstractSampleConsumer - class org.apache.jmeter.report.processor.graph.impl.ResponseTimeVSRequestGraphConsumer#stopProducing(): responseTimeVsRequest produced 0 samples
10:47:40.801 [pool-2-thread-1] INFO  o.a.j.r.p.AbstractSampleConsumer - class org.apache.jmeter.report.processor.FilterConsumer#stopProducing(): startIntervalControlerFilter produced 420 samples
10:47:40.801 [pool-2-thread-1] INFO  o.a.j.r.p.AbstractSampleConsumer - class org.apache.jmeter.report.processor.graph.impl.ActiveThreadsGraphConsumer#stopProducing(): activeThreadsOverTime produced 0 samples
10:47:40.801 [pool-2-thread-1] INFO  o.a.j.r.p.AbstractSampleConsumer - class org.apache.jmeter.report.processor.graph.impl.TimeVSThreadGraphConsumer#stopProducing(): timeVsThreads produced 0 samples
10:47:40.801 [pool-2-thread-1] INFO  o.a.j.r.p.AbstractSampleConsumer - class org.apache.jmeter.report.processor.graph.impl.ResponseTimeDistributionGraphConsumer#stopProducing(): responseTimeDistribution produced 0 samples
10:47:40.801 [pool-2-thread-1] INFO  o.a.j.r.p.AbstractSampleConsumer - class org.apache.jmeter.report.processor.graph.impl.TransactionsPerSecondGraphConsumer#stopProducing(): transactionsPerSecond produced 0 samples
10:47:40.801 [pool-2-thread-1] INFO  o.a.j.r.p.AbstractSampleConsumer - class org.apache.jmeter.report.processor.graph.impl.ResponseTimePercentilesGraphConsumer#stopProducing(): responseTimePercentiles produced 0 samples
10:47:40.802 [pool-2-thread-1] INFO  o.a.j.r.p.AbstractSampleConsumer - class org.apache.jmeter.report.processor.graph.impl.ResponseTimePercentilesOverTimeGraphConsumer#stopProducing(): responseTimePercentilesOverTime produced 0 samples
10:47:40.803 [pool-2-thread-1] INFO  o.a.j.r.p.AbstractSampleConsumer - class org.apache.jmeter.report.processor.graph.impl.ResponseTimeOverTimeGraphConsumer#stopProducing(): responseTimesOverTime produced 0 samples
10:47:40.803 [pool-2-thread-1] INFO  o.a.j.r.p.AbstractSampleConsumer - class org.apache.jmeter.report.processor.graph.impl.ConnectTimeOverTimeGraphConsumer#stopProducing(): connectTimeOverTime produced 0 samples
10:47:40.803 [pool-2-thread-1] INFO  o.a.j.r.p.AbstractSampleConsumer - class org.apache.jmeter.report.processor.graph.impl.LatencyOverTimeGraphConsumer#stopProducing(): latenciesOverTime produced 0 samples
10:47:40.803 [pool-2-thread-1] INFO  o.a.j.r.p.AbstractSampleConsumer - class org.apache.jmeter.report.processor.FilterConsumer#stopProducing(): nameFilter produced 840 samples
10:47:40.803 [pool-2-thread-1] INFO  o.a.j.r.p.AbstractSampleConsumer - class org.apache.jmeter.report.processor.FilterConsumer#stopProducing(): dateRangeFilter produced 180 samples
10:47:40.803 [pool-2-thread-1] INFO  o.a.j.r.p.AbstractSampleConsumer - class org.apache.jmeter.report.processor.NormalizerSampleConsumer#stopProducing(): normalizer produced 60 samples
10:47:40.803 [pool-2-thread-1] INFO  o.a.j.r.p.CsvFileSampleSource - produce(): 60 samples produced in 72ms on channel 0
10:47:40.803 [pool-2-thread-1] INFO  o.a.j.r.dashboard.ReportGenerator - Exporting data using exporter:'html' of className:'org.apache.jmeter.report.dashboard.HtmlTemplateExporter'
10:47:40.806 [pool-2-thread-1] INFO  o.a.j.r.d.HtmlTemplateExporter - Will generate dashboard in folder: /Users/ryan/Projects/jmetertest11/src/test/resources/jmeter/outputs/2021-07-20T10:47:37.994974
10:47:41.173 [pool-2-thread-1] INFO  o.a.j.r.d.HtmlTemplateExporter - Report will be generated in: /Users/ryan/Projects/jmetertest11/src/test/resources/jmeter/outputs/2021-07-20T10:47:37.994974, creating folder structure
10:47:41.175 [pool-2-thread-1] INFO  o.a.j.r.dashboard.TemplateVisitor - Copying folder from 'src/test/resources/jmeter/bin/report-template' to 'src/test/resources/jmeter/outputs/2021-07-20T10:47:37.994974', got message: src/test/resources/jmeter/outputs/2021-07-20T10:47:37.994974, found non empty folder with following content [src/test/resources/jmeter/outputs/2021-07-20T10:47:37.994974/result.jtl], will be ignored
  &amp#27;[32mThen &amp#27;[0m&amp#27;[32mthe JMX file: "&amp#27;[0m&amp#27;[32m&amp#27;[1msample.jmx&amp#27;[0m&amp#27;[32m" is executed&amp#27;[0m                            &amp#27;[90m# Jmeter.stepdefinitions.JmeterSteps.theTestIsExecuted(java.lang.String)&amp#27;[0m
10:47:41.560 [pool-2-thread-1] INFO   - 
  _____   ___   ___   _____     ___     _     ___   ___   ___   ___  
 |_   _| | __| / __| |_   _|   | _ \   /_\   / __| / __| | __| |   \ 
   | |   | _|  \__ \   | |     |  _/  / _ \  \__ \ \__ \ | _|  | |) |
   |_|   |___| |___/   |_|     |_|   /_/ \_\ |___/ |___/ |___| |___/ 

Performance testing using a preconfigured JMX file
----------------------------------------------------------------------
]]></system-out>
  </testcase>
</testsuite>